[ 2016-09-15T21:52:32+08:00 ] 127.0.0.1 /thinkp/admin/index/index
INFO: [ app_init ] --START--
INFO: Run Behavior\BuildLiteBehavior [ RunTime:0.000098s ]
INFO: [ app_init ] --END-- [ RunTime:0.001834s ]
INFO: [ app_begin ] --START--
INFO: Run Behavior\ReadHtmlCacheBehavior [ RunTime:0.001797s ]
INFO: [ app_begin ] --END-- [ RunTime:0.002252s ]

[ 2016-09-15T21:52:32+08:00 ] 127.0.0.1 /thinkp/index.php/Admin/Login/index.html
INFO: [ app_init ] --START--
INFO: Run Behavior\BuildLiteBehavior [ RunTime:0.000096s ]
INFO: [ app_init ] --END-- [ RunTime:0.001409s ]
INFO: [ app_begin ] --START--
INFO: Run Behavior\ReadHtmlCacheBehavior [ RunTime:0.002239s ]
INFO: [ app_begin ] --END-- [ RunTime:0.002802s ]
INFO: [ view_parse ] --START--
INFO: [ template_filter ] --START--
INFO: Run Behavior\ContentReplaceBehavior [ RunTime:0.000332s ]
INFO: [ template_filter ] --END-- [ RunTime:0.000829s ]
INFO: Run Behavior\ParseTemplateBehavior [ RunTime:0.153312s ]
INFO: [ view_parse ] --END-- [ RunTime:0.153843s ]
INFO: [ view_filter ] --START--
INFO: Run Behavior\WriteHtmlCacheBehavior [ RunTime:0.172154s ]
INFO: [ view_filter ] --END-- [ RunTime:0.172624s ]
INFO: [ app_end ] --START--
INFO: Run Behavior\ShowPageTraceBehavior [ RunTime:0.001834s ]
INFO: [ app_end ] --END-- [ RunTime:0.002330s ]

[ 2016-09-15T21:52:33+08:00 ] 127.0.0.1 /thinkp/index.php/Admin/Login/favicon.ico
INFO: [ app_init ] --START--
INFO: Run Behavior\BuildLiteBehavior [ RunTime:0.000111s ]
INFO: [ app_init ] --END-- [ RunTime:0.001884s ]

[ 2016-09-15T21:52:44+08:00 ] 127.0.0.1 /thinkp/index.php/Admin/Login/index.html
INFO: [ app_init ] --START--
INFO: Run Behavior\BuildLiteBehavior [ RunTime:0.000098s ]
INFO: [ app_init ] --END-- [ RunTime:0.001988s ]
INFO: [ app_begin ] --START--
INFO: Run Behavior\ReadHtmlCacheBehavior [ RunTime:0.001970s ]
INFO: [ app_begin ] --END-- [ RunTime:0.002401s ]
NOTIC: [2] PDO::__construct(): php_network_getaddresses: getaddrinfo failed: ÔøΩÔøΩ÷™ÔøΩÔøΩÔøΩÔøΩÔøΩÔøΩÔøΩÔøΩÔøΩÔøΩÔøΩÔøΩ  E:\wamp64\www\thinkp\ThinkPHP\Library\Think\Db\Driver.class.php Á¨¨ 103 Ë°å.
ERR: SQLSTATE[HY000] [2002] php_network_getaddresses: getaddrinfo failed: ≤ª÷™µ¿’‚—˘µƒ÷˜ª˙°£ 

[ 2016-09-15T22:08:11+08:00 ] 127.0.0.1 /thinkp/index.php/Admin/Login/index.html
INFO: [ app_init ] --START--
INFO: Run Behavior\BuildLiteBehavior [ RunTime:0.000115s ]
INFO: [ app_init ] --END-- [ RunTime:0.001808s ]
INFO: [ app_begin ] --START--
INFO: Run Behavior\ReadHtmlCacheBehavior [ RunTime:0.001811s ]
INFO: [ app_begin ] --END-- [ RunTime:0.002278s ]
NOTIC: [2] PDO::__construct(): php_network_getaddresses: getaddrinfo failed: ÔøΩÔøΩ÷™ÔøΩÔøΩÔøΩÔøΩÔøΩÔøΩÔøΩÔøΩÔøΩÔøΩÔøΩÔøΩ  E:\wamp64\www\thinkp\ThinkPHP\Library\Think\Db\Driver.class.php Á¨¨ 103 Ë°å.
ERR: SQLSTATE[HY000] [2002] php_network_getaddresses: getaddrinfo failed: ≤ª÷™µ¿’‚—˘µƒ÷˜ª˙°£ 

[ 2016-09-15T22:10:48+08:00 ] 127.0.0.1 /thinkp/index.php/Admin/Login/index.html
INFO: [ app_init ] --START--
INFO: Run Behavior\BuildLiteBehavior [ RunTime:0.000307s ]
INFO: [ app_init ] --END-- [ RunTime:0.002728s ]
INFO: [ app_begin ] --START--
INFO: Run Behavior\ReadHtmlCacheBehavior [ RunTime:0.002474s ]
INFO: [ app_begin ] --END-- [ RunTime:0.003118s ]
NOTIC: [2] PDO::__construct(): php_network_getaddresses: getaddrinfo failed: ÔøΩÔøΩ÷™ÔøΩÔøΩÔøΩÔøΩÔøΩÔøΩÔøΩÔøΩÔøΩÔøΩÔøΩÔøΩ  E:\wamp64\www\thinkp\ThinkPHP\Library\Think\Db\Driver.class.php Á¨¨ 103 Ë°å.
ERR: SQLSTATE[HY000] [2002] php_network_getaddresses: getaddrinfo failed: ≤ª÷™µ¿’‚—˘µƒ÷˜ª˙°£ 

[ 2016-09-15T22:18:38+08:00 ] 127.0.0.1 /thinkp/index.php/admin/index
INFO: [ app_init ] --START--
INFO: Run Behavior\BuildLiteBehavior [ RunTime:0.000170s ]
INFO: [ app_init ] --END-- [ RunTime:0.002355s ]
INFO: [ app_begin ] --START--
INFO: Run Behavior\ReadHtmlCacheBehavior [ RunTime:0.001719s ]
INFO: [ app_begin ] --END-- [ RunTime:0.002216s ]

[ 2016-09-15T22:18:38+08:00 ] 127.0.0.1 /thinkp/index.php/Admin/Login/index.html
INFO: [ app_init ] --START--
INFO: Run Behavior\BuildLiteBehavior [ RunTime:0.000089s ]
INFO: [ app_init ] --END-- [ RunTime:0.001513s ]
INFO: [ app_begin ] --START--
INFO: Run Behavior\ReadHtmlCacheBehavior [ RunTime:0.001707s ]
INFO: [ app_begin ] --END-- [ RunTime:0.002146s ]
INFO: [ view_parse ] --START--
INFO: [ template_filter ] --START--
INFO: Run Behavior\ContentReplaceBehavior [ RunTime:0.000267s ]
INFO: [ template_filter ] --END-- [ RunTime:0.000704s ]
INFO: Run Behavior\ParseTemplateBehavior [ RunTime:0.018721s ]
INFO: [ view_parse ] --END-- [ RunTime:0.019216s ]
INFO: [ view_filter ] --START--
INFO: Run Behavior\WriteHtmlCacheBehavior [ RunTime:0.001284s ]
INFO: [ view_filter ] --END-- [ RunTime:0.001709s ]
INFO: [ app_end ] --START--
INFO: Run Behavior\ShowPageTraceBehavior [ RunTime:0.001516s ]
INFO: [ app_end ] --END-- [ RunTime:0.001931s ]

[ 2016-09-15T22:18:45+08:00 ] 127.0.0.1 /thinkp/index.php/Admin/Login/index.html
INFO: [ app_init ] --START--
INFO: Run Behavior\BuildLiteBehavior [ RunTime:0.000095s ]
INFO: [ app_init ] --END-- [ RunTime:0.001466s ]
INFO: [ app_begin ] --START--
INFO: Run Behavior\ReadHtmlCacheBehavior [ RunTime:0.001695s ]
INFO: [ app_begin ] --END-- [ RunTime:0.002130s ]
NOTIC: [2] PDO::__construct(): php_network_getaddresses: getaddrinfo failed: ÔøΩÔøΩ÷™ÔøΩÔøΩÔøΩÔøΩÔøΩÔøΩÔøΩÔøΩÔøΩÔøΩÔøΩÔøΩ  E:\wamp64\www\thinkp\ThinkPHP\Library\Think\Db\Driver.class.php Á¨¨ 103 Ë°å.
ERR: SQLSTATE[HY000] [2002] php_network_getaddresses: getaddrinfo failed: ≤ª÷™µ¿’‚—˘µƒ÷˜ª˙°£ 

[ 2016-09-15T22:19:03+08:00 ] 127.0.0.1 /thinkp/index.php/Admin/Login/index.html
INFO: [ app_init ] --START--
INFO: Run Behavior\BuildLiteBehavior [ RunTime:0.000104s ]
INFO: [ app_init ] --END-- [ RunTime:0.001768s ]
INFO: [ app_begin ] --START--
INFO: Run Behavior\ReadHtmlCacheBehavior [ RunTime:0.002166s ]
INFO: [ app_begin ] --END-- [ RunTime:0.002752s ]
NOTIC: [2] PDO::__construct(): php_network_getaddresses: getaddrinfo failed: ÔøΩÔøΩ÷™ÔøΩÔøΩÔøΩÔøΩÔøΩÔøΩÔøΩÔøΩÔøΩÔøΩÔøΩÔøΩ  E:\wamp64\www\thinkp\ThinkPHP\Library\Think\Db\Driver.class.php Á¨¨ 103 Ë°å.
ERR: SQLSTATE[HY000] [2002] php_network_getaddresses: getaddrinfo failed: ≤ª÷™µ¿’‚—˘µƒ÷˜ª˙°£ 

[ 2016-09-15T22:22:14+08:00 ] 127.0.0.1 /thinkp/index.php/Admin/Login/index.html
INFO: [ app_init ] --START--
INFO: Run Behavior\BuildLiteBehavior [ RunTime:0.000114s ]
INFO: [ app_init ] --END-- [ RunTime:0.001940s ]
INFO: [ app_begin ] --START--
INFO: Run Behavior\ReadHtmlCacheBehavior [ RunTime:0.001862s ]
INFO: [ app_begin ] --END-- [ RunTime:0.002337s ]
NOTIC: [2] PDO::__construct(): php_network_getaddresses: getaddrinfo failed: ÔøΩÔøΩ÷™ÔøΩÔøΩÔøΩÔøΩÔøΩÔøΩÔøΩÔøΩÔøΩÔøΩÔøΩÔøΩ  E:\wamp64\www\thinkp\ThinkPHP\Library\Think\Db\Driver.class.php Á¨¨ 103 Ë°å.
ERR: SQLSTATE[HY000] [2002] php_network_getaddresses: getaddrinfo failed: ≤ª÷™µ¿’‚—˘µƒ÷˜ª˙°£ 

[ 2016-09-15T22:23:22+08:00 ] 127.0.0.1 /thinkp/index.php/Admin/Login/index
INFO: [ app_init ] --START--
INFO: Run Behavior\BuildLiteBehavior [ RunTime:0.000099s ]
INFO: [ app_init ] --END-- [ RunTime:0.001627s ]
INFO: [ app_begin ] --START--
INFO: Run Behavior\ReadHtmlCacheBehavior [ RunTime:0.001926s ]
INFO: [ app_begin ] --END-- [ RunTime:0.002406s ]
INFO: [ view_parse ] --START--
INFO: [ template_filter ] --START--
INFO: Run Behavior\ContentReplaceBehavior [ RunTime:0.000284s ]
INFO: [ template_filter ] --END-- [ RunTime:0.000731s ]
INFO: Run Behavior\ParseTemplateBehavior [ RunTime:0.019133s ]
INFO: [ view_parse ] --END-- [ RunTime:0.019622s ]
INFO: [ view_filter ] --START--
INFO: Run Behavior\WriteHtmlCacheBehavior [ RunTime:0.001445s ]
INFO: [ view_filter ] --END-- [ RunTime:0.001850s ]
INFO: [ app_end ] --START--
INFO: Run Behavior\ShowPageTraceBehavior [ RunTime:0.001505s ]
INFO: [ app_end ] --END-- [ RunTime:0.001943s ]

[ 2016-09-15T22:24:42+08:00 ] 127.0.0.1 /thinkp/index.php/Admin/Login/index
INFO: [ app_init ] --START--
INFO: Run Behavior\BuildLiteBehavior [ RunTime:0.000113s ]
INFO: [ app_init ] --END-- [ RunTime:0.001925s ]
INFO: [ app_begin ] --START--
INFO: Run Behavior\ReadHtmlCacheBehavior [ RunTime:0.002119s ]
INFO: [ app_begin ] --END-- [ RunTime:0.002618s ]
INFO: [ view_parse ] --START--
INFO: [ template_filter ] --START--
INFO: Run Behavior\ContentReplaceBehavior [ RunTime:0.000280s ]
INFO: [ template_filter ] --END-- [ RunTime:0.000893s ]
INFO: Run Behavior\ParseTemplateBehavior [ RunTime:0.021290s ]
INFO: [ view_parse ] --END-- [ RunTime:0.021800s ]
INFO: [ view_filter ] --START--
INFO: Run Behavior\WriteHtmlCacheBehavior [ RunTime:0.001018s ]
INFO: [ view_filter ] --END-- [ RunTime:0.001414s ]
INFO: [ app_end ] --START--
INFO: Run Behavior\ShowPageTraceBehavior [ RunTime:0.001392s ]
INFO: [ app_end ] --END-- [ RunTime:0.002080s ]

[ 2016-09-15T22:24:48+08:00 ] 127.0.0.1 /thinkp/index.php/Admin/Login/index
INFO: [ app_init ] --START--
INFO: Run Behavior\BuildLiteBehavior [ RunTime:0.000112s ]
INFO: [ app_init ] --END-- [ RunTime:0.001730s ]
INFO: [ app_begin ] --START--
INFO: Run Behavior\ReadHtmlCacheBehavior [ RunTime:0.002851s ]
INFO: [ app_begin ] --END-- [ RunTime:0.003399s ]
NOTIC: [2] PDO::__construct(): php_network_getaddresses: getaddrinfo failed: ÔøΩÔøΩ÷™ÔøΩÔøΩÔøΩÔøΩÔøΩÔøΩÔøΩÔøΩÔøΩÔøΩÔøΩÔøΩ  E:\wamp64\www\thinkp\ThinkPHP\Library\Think\Db\Driver.class.php Á¨¨ 103 Ë°å.
ERR: SQLSTATE[HY000] [2002] php_network_getaddresses: getaddrinfo failed: ≤ª÷™µ¿’‚—˘µƒ÷˜ª˙°£ 

[ 2016-09-15T22:24:56+08:00 ] 127.0.0.1 /thinkp/index.php/Admin/Login/index
INFO: [ app_init ] --START--
INFO: Run Behavior\BuildLiteBehavior [ RunTime:0.000100s ]
INFO: [ app_init ] --END-- [ RunTime:0.001557s ]
INFO: [ app_begin ] --START--
INFO: Run Behavior\ReadHtmlCacheBehavior [ RunTime:0.001859s ]
INFO: [ app_begin ] --END-- [ RunTime:0.002364s ]
NOTIC: [2] PDO::__construct(): php_network_getaddresses: getaddrinfo failed: ÔøΩÔøΩ÷™ÔøΩÔøΩÔøΩÔøΩÔøΩÔøΩÔøΩÔøΩÔøΩÔøΩÔøΩÔøΩ  E:\wamp64\www\thinkp\ThinkPHP\Library\Think\Db\Driver.class.php Á¨¨ 103 Ë°å.
ERR: SQLSTATE[HY000] [2002] php_network_getaddresses: getaddrinfo failed: ≤ª÷™µ¿’‚—˘µƒ÷˜ª˙°£ 

[ 2016-09-15T22:27:09+08:00 ] 127.0.0.1 /thinkp/index.php/Admin/Login/index
INFO: [ app_init ] --START--
INFO: Run Behavior\BuildLiteBehavior [ RunTime:0.000116s ]
INFO: [ app_init ] --END-- [ RunTime:0.002139s ]
INFO: [ app_begin ] --START--
INFO: Run Behavior\ReadHtmlCacheBehavior [ RunTime:0.001599s ]
INFO: [ app_begin ] --END-- [ RunTime:0.002057s ]
SQL: SHOW COLUMNS FROM `mlshop_admin` [ RunTime:0.0522s ]
NOTIC: [8] Undefined index: validate E:\wamp64\www\thinkp\ThinkPHP\Library\Think\Model.class.php Á¨¨ 1185 Ë°å.
NOTIC: [8] Undefined index: auto E:\wamp64\www\thinkp\ThinkPHP\Library\Think\Model.class.php Á¨¨ 1128 Ë°å.
SQL: SELECT * FROM `mlshop_admin` WHERE `adminname` = 'admin' LIMIT 1   [ RunTime:0.0489s ]
SQL: UPDATE `mlshop_admin` SET `logintime`='1473949629',`loginip`='127.0.0.1' WHERE `aid` = 1 [ RunTime:0.0509s ]
INFO: [ view_parse ] --START--
INFO: [ template_filter ] --START--
INFO: Run Behavior\ContentReplaceBehavior [ RunTime:0.000300s ]
INFO: [ template_filter ] --END-- [ RunTime:0.000885s ]
INFO: Run Behavior\ParseTemplateBehavior [ RunTime:0.030802s ]
INFO: [ view_parse ] --END-- [ RunTime:0.031570s ]
INFO: [ view_filter ] --START--
INFO: Run Behavior\WriteHtmlCacheBehavior [ RunTime:0.001322s ]
INFO: [ view_filter ] --END-- [ RunTime:0.001852s ]
INFO: [ view_parse ] --START--
INFO: [ template_filter ] --START--
INFO: Run Behavior\ContentReplaceBehavior [ RunTime:0.000329s ]
INFO: [ template_filter ] --END-- [ RunTime:-0.016149s ]
INFO: Run Behavior\ParseTemplateBehavior [ RunTime:0.010905s ]
INFO: [ view_parse ] --END-- [ RunTime:-0.003777s ]
INFO: [ view_filter ] --START--
INFO: Run Behavior\WriteHtmlCacheBehavior [ RunTime:0.000123s ]
INFO: [ view_filter ] --END-- [ RunTime:-0.013277s ]
INFO: [ app_end ] --START--
INFO: Run Behavior\ShowPageTraceBehavior [ RunTime:0.001825s ]
INFO: [ app_end ] --END-- [ RunTime:0.002371s ]

[ 2016-09-15T22:27:11+08:00 ] 127.0.0.1 /thinkp/index.php/Admin/Index/index.html
INFO: [ app_init ] --START--
INFO: Run Behavior\BuildLiteBehavior [ RunTime:0.000093s ]
INFO: [ app_init ] --END-- [ RunTime:0.001585s ]
INFO: [ app_begin ] --START--
INFO: Run Behavior\ReadHtmlCacheBehavior [ RunTime:0.002634s ]
INFO: [ app_begin ] --END-- [ RunTime:0.003157s ]
INFO: [ view_parse ] --START--
INFO: [ template_filter ] --START--
INFO: Run Behavior\ContentReplaceBehavior [ RunTime:0.000450s ]
INFO: [ template_filter ] --END-- [ RunTime:0.000960s ]
INFO: Run Behavior\ParseTemplateBehavior [ RunTime:0.058360s ]
INFO: [ view_parse ] --END-- [ RunTime:0.058915s ]
INFO: [ view_filter ] --START--
INFO: Run Behavior\WriteHtmlCacheBehavior [ RunTime:0.001558s ]
INFO: [ view_filter ] --END-- [ RunTime:0.001989s ]
INFO: [ app_end ] --START--
INFO: Run Behavior\ShowPageTraceBehavior [ RunTime:0.002690s ]
INFO: [ app_end ] --END-- [ RunTime:0.003262s ]

[ 2016-09-15T22:27:11+08:00 ] 127.0.0.1 /thinkp/index.php/Admin/Index/favicon.ico
INFO: [ app_init ] --START--
INFO: Run Behavior\BuildLiteBehavior [ RunTime:0.000100s ]
INFO: [ app_init ] --END-- [ RunTime:0.001655s ]

[ 2016-09-15T22:27:15+08:00 ] 127.0.0.1 /thinkp/index.php/Admin/Category/index.html
INFO: [ app_init ] --START--
INFO: Run Behavior\BuildLiteBehavior [ RunTime:0.000090s ]
INFO: [ app_init ] --END-- [ RunTime:0.001431s ]
INFO: [ app_begin ] --START--
INFO: Run Behavior\ReadHtmlCacheBehavior [ RunTime:0.001873s ]
INFO: [ app_begin ] --END-- [ RunTime:0.002345s ]
SQL: SHOW COLUMNS FROM `mlshop_category` [ RunTime:0.0789s ]
SQL: SELECT COUNT(*) AS tp_count FROM `mlshop_category` LIMIT 1   [ RunTime:0.0493s ]
SQL: SELECT * FROM `mlshop_category` ORDER BY cid LIMIT 0,8   [ RunTime:0.1003s ]
INFO: [ view_parse ] --START--
INFO: [ template_filter ] --START--
INFO: Run Behavior\ContentReplaceBehavior [ RunTime:0.000284s ]
INFO: [ template_filter ] --END-- [ RunTime:0.000770s ]
INFO: Run Behavior\ParseTemplateBehavior [ RunTime:0.097346s ]
INFO: [ view_parse ] --END-- [ RunTime:0.097912s ]
INFO: [ view_filter ] --START--
INFO: Run Behavior\WriteHtmlCacheBehavior [ RunTime:0.001802s ]
INFO: [ view_filter ] --END-- [ RunTime:0.002371s ]
INFO: [ app_end ] --START--
INFO: Run Behavior\ShowPageTraceBehavior [ RunTime:0.002138s ]
INFO: [ app_end ] --END-- [ RunTime:0.002725s ]

[ 2016-09-15T22:27:18+08:00 ] 127.0.0.1 /thinkp/index.php/Admin/Category/add.html
INFO: [ app_init ] --START--
INFO: Run Behavior\BuildLiteBehavior [ RunTime:0.000086s ]
INFO: [ app_init ] --END-- [ RunTime:0.001333s ]
INFO: [ app_begin ] --START--
INFO: Run Behavior\ReadHtmlCacheBehavior [ RunTime:0.001594s ]
INFO: [ app_begin ] --END-- [ RunTime:0.002052s ]
SQL: SHOW COLUMNS FROM `mlshop_category` [ RunTime:0.0564s ]
SQL: SHOW COLUMNS FROM `mlshop_type` [ RunTime:0.0571s ]
SQL: SELECT * FROM `mlshop_type`  [ RunTime:0.0577s ]
INFO: [ view_parse ] --START--
INFO: [ template_filter ] --START--
INFO: Run Behavior\ContentReplaceBehavior [ RunTime:0.000294s ]
INFO: [ template_filter ] --END-- [ RunTime:0.000780s ]
INFO: Run Behavior\ParseTemplateBehavior [ RunTime:0.024715s ]
INFO: [ view_parse ] --END-- [ RunTime:0.025198s ]
INFO: [ view_filter ] --START--
INFO: Run Behavior\WriteHtmlCacheBehavior [ RunTime:0.000953s ]
INFO: [ view_filter ] --END-- [ RunTime:0.001358s ]
INFO: [ app_end ] --START--
INFO: Run Behavior\ShowPageTraceBehavior [ RunTime:0.001428s ]
INFO: [ app_end ] --END-- [ RunTime:0.001847s ]

[ 2016-09-15T22:33:43+08:00 ] 127.0.0.1 /thinkp/index.php/Admin/Category/index.html
INFO: [ app_init ] --START--
INFO: Run Behavior\BuildLiteBehavior [ RunTime:0.000109s ]
INFO: [ app_init ] --END-- [ RunTime:0.001962s ]
INFO: [ app_begin ] --START--
INFO: Run Behavior\ReadHtmlCacheBehavior [ RunTime:0.003305s ]
INFO: [ app_begin ] --END-- [ RunTime:0.004557s ]
SQL: SHOW COLUMNS FROM `mlshop_category` [ RunTime:0.0958s ]
SQL: SELECT COUNT(*) AS tp_count FROM `mlshop_category` LIMIT 1   [ RunTime:0.1163s ]
SQL: SELECT * FROM `mlshop_category` ORDER BY cid LIMIT 0,8   [ RunTime:0.0640s ]
INFO: [ view_parse ] --START--
INFO: [ template_filter ] --START--
INFO: Run Behavior\ContentReplaceBehavior [ RunTime:0.000324s ]
INFO: [ template_filter ] --END-- [ RunTime:0.000932s ]
INFO: Run Behavior\ParseTemplateBehavior [ RunTime:0.033106s ]
INFO: [ view_parse ] --END-- [ RunTime:0.033689s ]
INFO: [ view_filter ] --START--
INFO: Run Behavior\WriteHtmlCacheBehavior [ RunTime:0.001684s ]
INFO: [ view_filter ] --END-- [ RunTime:0.002251s ]
INFO: [ app_end ] --START--
INFO: Run Behavior\ShowPageTraceBehavior [ RunTime:0.002560s ]
INFO: [ app_end ] --END-- [ RunTime:0.003144s ]

[ 2016-09-15T22:33:45+08:00 ] 127.0.0.1 /thinkp/index.php/Admin/Category/index.html
INFO: [ app_init ] --START--
INFO: Run Behavior\BuildLiteBehavior [ RunTime:0.000114s ]
INFO: [ app_init ] --END-- [ RunTime:0.002094s ]
INFO: [ app_begin ] --START--
INFO: Run Behavior\ReadHtmlCacheBehavior [ RunTime:0.002256s ]
INFO: [ app_begin ] --END-- [ RunTime:0.004527s ]
SQL: SHOW COLUMNS FROM `mlshop_category` [ RunTime:0.0578s ]
SQL: SELECT COUNT(*) AS tp_count FROM `mlshop_category` LIMIT 1   [ RunTime:0.0483s ]
SQL: SELECT * FROM `mlshop_category` ORDER BY cid LIMIT 0,8   [ RunTime:0.0492s ]
INFO: [ view_parse ] --START--
INFO: [ template_filter ] --START--
INFO: Run Behavior\ContentReplaceBehavior [ RunTime:0.000349s ]
INFO: [ template_filter ] --END-- [ RunTime:0.001040s ]
INFO: Run Behavior\ParseTemplateBehavior [ RunTime:0.033355s ]
INFO: [ view_parse ] --END-- [ RunTime:0.034078s ]
INFO: [ view_filter ] --START--
INFO: Run Behavior\WriteHtmlCacheBehavior [ RunTime:0.002304s ]
INFO: [ view_filter ] --END-- [ RunTime:0.002917s ]
INFO: [ app_end ] --START--
INFO: Run Behavior\ShowPageTraceBehavior [ RunTime:0.002417s ]
INFO: [ app_end ] --END-- [ RunTime:0.003040s ]

[ 2016-09-15T22:33:48+08:00 ] 127.0.0.1 /thinkp/index.php/Admin/Category/index.html
INFO: [ app_init ] --START--
INFO: Run Behavior\BuildLiteBehavior [ RunTime:0.000116s ]
INFO: [ app_init ] --END-- [ RunTime:0.001905s ]
INFO: [ app_begin ] --START--
INFO: Run Behavior\ReadHtmlCacheBehavior [ RunTime:0.004156s ]
INFO: [ app_begin ] --END-- [ RunTime:0.005083s ]
SQL: SHOW COLUMNS FROM `mlshop_category` [ RunTime:0.0530s ]
SQL: SELECT COUNT(*) AS tp_count FROM `mlshop_category` LIMIT 1   [ RunTime:0.0483s ]
SQL: SELECT * FROM `mlshop_category` ORDER BY cid LIMIT 0,8   [ RunTime:0.0579s ]
INFO: [ view_parse ] --START--
INFO: [ template_filter ] --START--
INFO: Run Behavior\ContentReplaceBehavior [ RunTime:0.000367s ]
INFO: [ template_filter ] --END-- [ RunTime:0.000935s ]
INFO: Run Behavior\ParseTemplateBehavior [ RunTime:0.029720s ]
INFO: [ view_parse ] --END-- [ RunTime:0.030662s ]
INFO: [ view_filter ] --START--
INFO: Run Behavior\WriteHtmlCacheBehavior [ RunTime:0.001876s ]
INFO: [ view_filter ] --END-- [ RunTime:0.002501s ]
INFO: [ app_end ] --START--
INFO: Run Behavior\ShowPageTraceBehavior [ RunTime:0.002255s ]
INFO: [ app_end ] --END-- [ RunTime:0.002834s ]

[ 2016-09-15T22:33:49+08:00 ] 127.0.0.1 /thinkp/index.php/Admin/Category/index.html
INFO: [ app_init ] --START--
INFO: Run Behavior\BuildLiteBehavior [ RunTime:0.000151s ]
INFO: [ app_init ] --END-- [ RunTime:0.002489s ]
INFO: [ app_begin ] --START--
INFO: Run Behavior\ReadHtmlCacheBehavior [ RunTime:0.002094s ]
INFO: [ app_begin ] --END-- [ RunTime:0.002755s ]
SQL: SHOW COLUMNS FROM `mlshop_category` [ RunTime:0.0658s ]
SQL: SELECT COUNT(*) AS tp_count FROM `mlshop_category` LIMIT 1   [ RunTime:0.0475s ]
SQL: SELECT * FROM `mlshop_category` ORDER BY cid LIMIT 0,8   [ RunTime:0.0501s ]
INFO: [ view_parse ] --START--
INFO: [ template_filter ] --START--
INFO: Run Behavior\ContentReplaceBehavior [ RunTime:0.000285s ]
INFO: [ template_filter ] --END-- [ RunTime:0.000812s ]
INFO: Run Behavior\ParseTemplateBehavior [ RunTime:0.032881s ]
INFO: [ view_parse ] --END-- [ RunTime:0.033571s ]
INFO: [ view_filter ] --START--
INFO: Run Behavior\WriteHtmlCacheBehavior [ RunTime:0.002641s ]
INFO: [ view_filter ] --END-- [ RunTime:0.003452s ]
INFO: [ app_end ] --START--
INFO: Run Behavior\ShowPageTraceBehavior [ RunTime:0.003059s ]
INFO: [ app_end ] --END-- [ RunTime:0.003869s ]

[ 2016-09-15T22:33:51+08:00 ] 127.0.0.1 /thinkp/index.php/Admin/Category/index.html
INFO: [ app_init ] --START--
INFO: Run Behavior\BuildLiteBehavior [ RunTime:0.000163s ]
INFO: [ app_init ] --END-- [ RunTime:0.002605s ]
INFO: [ app_begin ] --START--
INFO: Run Behavior\ReadHtmlCacheBehavior [ RunTime:0.004462s ]
INFO: [ app_begin ] --END-- [ RunTime:0.007583s ]
SQL: SHOW COLUMNS FROM `mlshop_category` [ RunTime:0.0542s ]
SQL: SELECT COUNT(*) AS tp_count FROM `mlshop_category` LIMIT 1   [ RunTime:0.0632s ]
SQL: SELECT * FROM `mlshop_category` ORDER BY cid LIMIT 0,8   [ RunTime:0.0502s ]
INFO: [ view_parse ] --START--
INFO: [ template_filter ] --START--
INFO: Run Behavior\ContentReplaceBehavior [ RunTime:0.000297s ]
INFO: [ template_filter ] --END-- [ RunTime:0.000946s ]
INFO: Run Behavior\ParseTemplateBehavior [ RunTime:0.036748s ]
INFO: [ view_parse ] --END-- [ RunTime:0.037424s ]
INFO: [ view_filter ] --START--
INFO: Run Behavior\WriteHtmlCacheBehavior [ RunTime:0.002719s ]
INFO: [ view_filter ] --END-- [ RunTime:0.003491s ]
INFO: [ app_end ] --START--
INFO: Run Behavior\ShowPageTraceBehavior [ RunTime:0.005490s ]
INFO: [ app_end ] --END-- [ RunTime:0.006590s ]

[ 2016-09-15T22:40:09+08:00 ] 127.0.0.1 /thinkp/index.php/Admin/Index/index.html
INFO: [ app_init ] --START--
INFO: Run Behavior\BuildLiteBehavior [ RunTime:0.000108s ]
INFO: [ app_init ] --END-- [ RunTime:0.002284s ]
INFO: [ app_begin ] --START--
INFO: Run Behavior\ReadHtmlCacheBehavior [ RunTime:0.001832s ]
INFO: [ app_begin ] --END-- [ RunTime:0.002329s ]
INFO: [ view_parse ] --START--
INFO: [ template_filter ] --START--
INFO: Run Behavior\ContentReplaceBehavior [ RunTime:0.000536s ]
INFO: [ template_filter ] --END-- [ RunTime:0.001158s ]
INFO: Run Behavior\ParseTemplateBehavior [ RunTime:0.036556s ]
INFO: [ view_parse ] --END-- [ RunTime:0.037066s ]
INFO: [ view_filter ] --START--
INFO: Run Behavior\WriteHtmlCacheBehavior [ RunTime:0.001373s ]
INFO: [ view_filter ] --END-- [ RunTime:0.001900s ]
INFO: [ app_end ] --START--
INFO: Run Behavior\ShowPageTraceBehavior [ RunTime:0.005586s ]
INFO: [ app_end ] --END-- [ RunTime:0.006442s ]

[ 2016-09-15T22:40:27+08:00 ] 127.0.0.1 /thinkp/index.php/Admin/Index/index.html
INFO: [ app_init ] --START--
INFO: Run Behavior\BuildLiteBehavior [ RunTime:0.000112s ]
INFO: [ app_init ] --END-- [ RunTime:0.001806s ]
INFO: [ app_begin ] --START--
INFO: Run Behavior\ReadHtmlCacheBehavior [ RunTime:0.001879s ]
INFO: [ app_begin ] --END-- [ RunTime:0.002374s ]
INFO: [ view_parse ] --START--
INFO: [ template_filter ] --START--
INFO: Run Behavior\ContentReplaceBehavior [ RunTime:0.000464s ]
INFO: [ template_filter ] --END-- [ RunTime:0.000991s ]
INFO: Run Behavior\ParseTemplateBehavior [ RunTime:0.036861s ]
INFO: [ view_parse ] --END-- [ RunTime:0.037538s ]
INFO: [ view_filter ] --START--
INFO: Run Behavior\WriteHtmlCacheBehavior [ RunTime:0.001412s ]
INFO: [ view_filter ] --END-- [ RunTime:0.001860s ]
INFO: [ app_end ] --START--
INFO: Run Behavior\ShowPageTraceBehavior [ RunTime:0.002771s ]
INFO: [ app_end ] --END-- [ RunTime:0.003918s ]

[ 2016-09-15T22:40:31+08:00 ] 127.0.0.1 /thinkp/index.php/Admin/Category/index.html
INFO: [ app_init ] --START--
INFO: Run Behavior\BuildLiteBehavior [ RunTime:0.000100s ]
INFO: [ app_init ] --END-- [ RunTime:0.001380s ]
INFO: [ app_begin ] --START--
INFO: Run Behavior\ReadHtmlCacheBehavior [ RunTime:0.002102s ]
INFO: [ app_begin ] --END-- [ RunTime:0.002611s ]
SQL: SHOW COLUMNS FROM `mlshop_category` [ RunTime:0.0981s ]
SQL: SELECT COUNT(*) AS tp_count FROM `mlshop_category` LIMIT 1   [ RunTime:0.0751s ]
SQL: SELECT * FROM `mlshop_category` ORDER BY cid LIMIT 0,8   [ RunTime:0.0840s ]
INFO: [ view_parse ] --START--
INFO: [ template_filter ] --START--
INFO: Run Behavior\ContentReplaceBehavior [ RunTime:0.000256s ]
INFO: [ template_filter ] --END-- [ RunTime:0.000727s ]
INFO: Run Behavior\ParseTemplateBehavior [ RunTime:0.036492s ]
INFO: [ view_parse ] --END-- [ RunTime:0.037083s ]
INFO: [ view_filter ] --START--
INFO: Run Behavior\WriteHtmlCacheBehavior [ RunTime:0.001605s ]
INFO: [ view_filter ] --END-- [ RunTime:0.002049s ]
INFO: [ app_end ] --START--
INFO: Run Behavior\ShowPageTraceBehavior [ RunTime:0.001682s ]
INFO: [ app_end ] --END-- [ RunTime:0.002122s ]

[ 2016-09-15T22:40:33+08:00 ] 127.0.0.1 /thinkp/index.php/Admin/Category/%7B/thinkp/index.php/Admin/Category/addSon/cid/55.html%7D
INFO: [ app_init ] --START--
INFO: Run Behavior\BuildLiteBehavior [ RunTime:0.000117s ]
INFO: [ app_init ] --END-- [ RunTime:0.001938s ]
INFO: [ app_begin ] --START--
INFO: Run Behavior\ReadHtmlCacheBehavior [ RunTime:0.003923s ]
INFO: [ app_begin ] --END-- [ RunTime:0.004580s ]
ERR: ÈùûÊ≥ïÊìç‰Ωú:{

[ 2016-09-15T22:40:47+08:00 ] 127.0.0.1 /thinkp/index.php/Admin/Index/index.html
INFO: [ app_init ] --START--
INFO: Run Behavior\BuildLiteBehavior [ RunTime:0.000100s ]
INFO: [ app_init ] --END-- [ RunTime:0.001935s ]
INFO: [ app_begin ] --START--
INFO: Run Behavior\ReadHtmlCacheBehavior [ RunTime:0.002345s ]
INFO: [ app_begin ] --END-- [ RunTime:0.002905s ]
INFO: [ view_parse ] --START--
INFO: [ template_filter ] --START--
INFO: Run Behavior\ContentReplaceBehavior [ RunTime:0.000432s ]
INFO: [ template_filter ] --END-- [ RunTime:0.000910s ]
INFO: Run Behavior\ParseTemplateBehavior [ RunTime:0.037274s ]
INFO: [ view_parse ] --END-- [ RunTime:0.037864s ]
INFO: [ view_filter ] --START--
INFO: Run Behavior\WriteHtmlCacheBehavior [ RunTime:0.001642s ]
INFO: [ view_filter ] --END-- [ RunTime:0.002199s ]
INFO: [ app_end ] --START--
INFO: Run Behavior\ShowPageTraceBehavior [ RunTime:0.003285s ]
INFO: [ app_end ] --END-- [ RunTime:0.004169s ]

[ 2016-09-15T22:40:50+08:00 ] 127.0.0.1 /thinkp/index.php/Admin/Category/index.html
INFO: [ app_init ] --START--
INFO: Run Behavior\BuildLiteBehavior [ RunTime:0.000098s ]
INFO: [ app_init ] --END-- [ RunTime:0.001734s ]
INFO: [ app_begin ] --START--
INFO: Run Behavior\ReadHtmlCacheBehavior [ RunTime:0.001848s ]
INFO: [ app_begin ] --END-- [ RunTime:0.002348s ]
SQL: SHOW COLUMNS FROM `mlshop_category` [ RunTime:0.0885s ]
SQL: SELECT COUNT(*) AS tp_count FROM `mlshop_category` LIMIT 1   [ RunTime:0.0752s ]
SQL: SELECT * FROM `mlshop_category` ORDER BY cid LIMIT 0,8   [ RunTime:0.0683s ]
INFO: [ view_parse ] --START--
INFO: [ template_filter ] --START--
INFO: Run Behavior\ContentReplaceBehavior [ RunTime:0.000356s ]
INFO: [ template_filter ] --END-- [ RunTime:0.001006s ]
INFO: Run Behavior\ParseTemplateBehavior [ RunTime:0.043857s ]
INFO: [ view_parse ] --END-- [ RunTime:0.044597s ]
INFO: [ view_filter ] --START--
INFO: Run Behavior\WriteHtmlCacheBehavior [ RunTime:0.002739s ]
INFO: [ view_filter ] --END-- [ RunTime:0.003274s ]
INFO: [ app_end ] --START--
INFO: Run Behavior\ShowPageTraceBehavior [ RunTime:0.001879s ]
INFO: [ app_end ] --END-- [ RunTime:0.002323s ]

[ 2016-09-15T22:40:52+08:00 ] 127.0.0.1 /thinkp/index.php/Admin/Category/addSon/cid/58.html
INFO: [ app_init ] --START--
INFO: Run Behavior\BuildLiteBehavior [ RunTime:0.000115s ]
INFO: [ app_init ] --END-- [ RunTime:0.002198s ]
INFO: [ app_begin ] --START--
INFO: Run Behavior\ReadHtmlCacheBehavior [ RunTime:0.002751s ]
INFO: [ app_begin ] --END-- [ RunTime:0.003589s ]
INFO: [ view_parse ] --START--
INFO: [ template_filter ] --START--
INFO: Run Behavior\ContentReplaceBehavior [ RunTime:0.000318s ]
INFO: [ template_filter ] --END-- [ RunTime:0.000936s ]
NOTIC: [8] Undefined variable: typeData E:\wamp64\www\thinkp\Application\Runtime\Cache\Admin\646acd57b5e7e94ad1ccabb155f0809c.php Á¨¨ 38 Ë°å.
INFO: Run Behavior\ParseTemplateBehavior [ RunTime:0.030452s ]
INFO: [ view_parse ] --END-- [ RunTime:0.031034s ]
INFO: [ view_filter ] --START--
INFO: Run Behavior\WriteHtmlCacheBehavior [ RunTime:0.001905s ]
INFO: [ view_filter ] --END-- [ RunTime:0.002474s ]
INFO: [ app_end ] --START--
INFO: Run Behavior\ShowPageTraceBehavior [ RunTime:0.003060s ]
INFO: [ app_end ] --END-- [ RunTime:0.003619s ]

[ 2016-09-15T22:40:56+08:00 ] 127.0.0.1 /thinkp/index.php/Admin/Category/addSon/cid/55.html
INFO: [ app_init ] --START--
INFO: Run Behavior\BuildLiteBehavior [ RunTime:0.000097s ]
INFO: [ app_init ] --END-- [ RunTime:0.001697s ]
INFO: [ app_begin ] --START--
INFO: Run Behavior\ReadHtmlCacheBehavior [ RunTime:0.002155s ]
INFO: [ app_begin ] --END-- [ RunTime:0.002692s ]
INFO: [ view_parse ] --START--
INFO: [ template_filter ] --START--
INFO: Run Behavior\ContentReplaceBehavior [ RunTime:0.000273s ]
INFO: [ template_filter ] --END-- [ RunTime:0.000799s ]
NOTIC: [8] Undefined variable: typeData E:\wamp64\www\thinkp\Application\Runtime\Cache\Admin\646acd57b5e7e94ad1ccabb155f0809c.php Á¨¨ 38 Ë°å.
INFO: Run Behavior\ParseTemplateBehavior [ RunTime:0.027192s ]
INFO: [ view_parse ] --END-- [ RunTime:0.027771s ]
INFO: [ view_filter ] --START--
INFO: Run Behavior\WriteHtmlCacheBehavior [ RunTime:0.001684s ]
INFO: [ view_filter ] --END-- [ RunTime:0.002138s ]
INFO: [ app_end ] --START--
INFO: Run Behavior\ShowPageTraceBehavior [ RunTime:0.001942s ]
INFO: [ app_end ] --END-- [ RunTime:0.002431s ]

[ 2016-09-15T22:41:13+08:00 ] 127.0.0.1 /thinkp/index.php/Admin/Category/addSon/cid/57.html
INFO: [ app_init ] --START--
INFO: Run Behavior\BuildLiteBehavior [ RunTime:0.000129s ]
INFO: [ app_init ] --END-- [ RunTime:0.003608s ]
INFO: [ app_begin ] --START--
INFO: Run Behavior\ReadHtmlCacheBehavior [ RunTime:0.003342s ]
INFO: [ app_begin ] --END-- [ RunTime:0.004102s ]
INFO: [ view_parse ] --START--
INFO: [ template_filter ] --START--
INFO: Run Behavior\ContentReplaceBehavior [ RunTime:0.000315s ]
INFO: [ template_filter ] --END-- [ RunTime:0.000907s ]
NOTIC: [8] Undefined variable: typeData E:\wamp64\www\thinkp\Application\Runtime\Cache\Admin\646acd57b5e7e94ad1ccabb155f0809c.php Á¨¨ 38 Ë°å.
INFO: Run Behavior\ParseTemplateBehavior [ RunTime:0.033031s ]
INFO: [ view_parse ] --END-- [ RunTime:0.033711s ]
INFO: [ view_filter ] --START--
INFO: Run Behavior\WriteHtmlCacheBehavior [ RunTime:0.001849s ]
INFO: [ view_filter ] --END-- [ RunTime:0.002429s ]
INFO: [ app_end ] --START--
INFO: Run Behavior\ShowPageTraceBehavior [ RunTime:0.002641s ]
INFO: [ app_end ] --END-- [ RunTime:0.003420s ]

[ 2016-09-15T22:41:37+08:00 ] 127.0.0.1 /thinkp/index.php/Admin/Index/index.html
INFO: [ app_init ] --START--
INFO: Run Behavior\BuildLiteBehavior [ RunTime:0.000092s ]
INFO: [ app_init ] --END-- [ RunTime:0.001391s ]
INFO: [ app_begin ] --START--
INFO: Run Behavior\ReadHtmlCacheBehavior [ RunTime:0.002431s ]
INFO: [ app_begin ] --END-- [ RunTime:0.002992s ]
INFO: [ view_parse ] --START--
INFO: [ template_filter ] --START--
INFO: Run Behavior\ContentReplaceBehavior [ RunTime:0.000454s ]
INFO: [ template_filter ] --END-- [ RunTime:0.001104s ]
INFO: Run Behavior\ParseTemplateBehavior [ RunTime:0.035302s ]
INFO: [ view_parse ] --END-- [ RunTime:0.036275s ]
INFO: [ view_filter ] --START--
INFO: Run Behavior\WriteHtmlCacheBehavior [ RunTime:0.002534s ]
INFO: [ view_filter ] --END-- [ RunTime:0.003051s ]
INFO: [ app_end ] --START--
INFO: Run Behavior\ShowPageTraceBehavior [ RunTime:0.003567s ]
INFO: [ app_end ] --END-- [ RunTime:0.004398s ]

[ 2016-09-15T22:41:40+08:00 ] 127.0.0.1 /thinkp/index.php/Admin/Category/index.html
INFO: [ app_init ] --START--
INFO: Run Behavior\BuildLiteBehavior [ RunTime:0.000085s ]
INFO: [ app_init ] --END-- [ RunTime:0.001332s ]
INFO: [ app_begin ] --START--
INFO: Run Behavior\ReadHtmlCacheBehavior [ RunTime:0.001864s ]
INFO: [ app_begin ] --END-- [ RunTime:0.002393s ]
SQL: SHOW COLUMNS FROM `mlshop_category` [ RunTime:0.0694s ]
SQL: SELECT COUNT(*) AS tp_count FROM `mlshop_category` LIMIT 1   [ RunTime:0.0802s ]
SQL: SELECT * FROM `mlshop_category` ORDER BY cid LIMIT 0,8   [ RunTime:0.0659s ]
INFO: [ view_parse ] --START--
INFO: [ template_filter ] --START--
INFO: Run Behavior\ContentReplaceBehavior [ RunTime:0.000316s ]
INFO: [ template_filter ] --END-- [ RunTime:0.000906s ]
INFO: Run Behavior\ParseTemplateBehavior [ RunTime:0.039406s ]
INFO: [ view_parse ] --END-- [ RunTime:0.040073s ]
INFO: [ view_filter ] --START--
INFO: Run Behavior\WriteHtmlCacheBehavior [ RunTime:0.001650s ]
INFO: [ view_filter ] --END-- [ RunTime:0.002228s ]
INFO: [ app_end ] --START--
INFO: Run Behavior\ShowPageTraceBehavior [ RunTime:0.002213s ]
INFO: [ app_end ] --END-- [ RunTime:0.002793s ]

[ 2016-09-15T22:41:41+08:00 ] 127.0.0.1 /thinkp/index.php/Admin/Category/addSon/cid/57.html
INFO: [ app_init ] --START--
INFO: Run Behavior\BuildLiteBehavior [ RunTime:0.000128s ]
INFO: [ app_init ] --END-- [ RunTime:0.002287s ]
INFO: [ app_begin ] --START--
INFO: Run Behavior\ReadHtmlCacheBehavior [ RunTime:0.003325s ]
INFO: [ app_begin ] --END-- [ RunTime:0.003947s ]
INFO: [ view_parse ] --START--
INFO: [ template_filter ] --START--
INFO: Run Behavior\ContentReplaceBehavior [ RunTime:0.000320s ]
INFO: [ template_filter ] --END-- [ RunTime:0.000914s ]
NOTIC: [8] Undefined variable: typeData E:\wamp64\www\thinkp\Application\Runtime\Cache\Admin\646acd57b5e7e94ad1ccabb155f0809c.php Á¨¨ 38 Ë°å.
INFO: Run Behavior\ParseTemplateBehavior [ RunTime:0.031694s ]
INFO: [ view_parse ] --END-- [ RunTime:0.032230s ]
INFO: [ view_filter ] --START--
INFO: Run Behavior\WriteHtmlCacheBehavior [ RunTime:0.001184s ]
INFO: [ view_filter ] --END-- [ RunTime:0.001659s ]
INFO: [ app_end ] --START--
INFO: Run Behavior\ShowPageTraceBehavior [ RunTime:0.002194s ]
INFO: [ app_end ] --END-- [ RunTime:0.002719s ]

[ 2016-09-15T22:41:44+08:00 ] 127.0.0.1 /thinkp/index.php/Admin/Category/addSon/cid/60.html
INFO: [ app_init ] --START--
INFO: Run Behavior\BuildLiteBehavior [ RunTime:0.000151s ]
INFO: [ app_init ] --END-- [ RunTime:0.003394s ]
INFO: [ app_begin ] --START--
INFO: Run Behavior\ReadHtmlCacheBehavior [ RunTime:0.002339s ]
INFO: [ app_begin ] --END-- [ RunTime:0.003133s ]
INFO: [ view_parse ] --START--
INFO: [ template_filter ] --START--
INFO: Run Behavior\ContentReplaceBehavior [ RunTime:0.000421s ]
INFO: [ template_filter ] --END-- [ RunTime:0.004051s ]
NOTIC: [8] Undefined variable: typeData E:\wamp64\www\thinkp\Application\Runtime\Cache\Admin\646acd57b5e7e94ad1ccabb155f0809c.php Á¨¨ 38 Ë°å.
INFO: Run Behavior\ParseTemplateBehavior [ RunTime:0.043763s ]
INFO: [ view_parse ] --END-- [ RunTime:0.044580s ]
INFO: [ view_filter ] --START--
INFO: Run Behavior\WriteHtmlCacheBehavior [ RunTime:0.003001s ]
INFO: [ view_filter ] --END-- [ RunTime:0.003785s ]
INFO: [ app_end ] --START--
INFO: Run Behavior\ShowPageTraceBehavior [ RunTime:0.003248s ]
INFO: [ app_end ] --END-- [ RunTime:0.004159s ]

[ 2016-09-15T22:45:12+08:00 ] 127.0.0.1 /thinkp/index.php/Admin/Category/addSon/cid/59.html
INFO: [ app_init ] --START--
INFO: Run Behavior\BuildLiteBehavior [ RunTime:0.000098s ]
INFO: [ app_init ] --END-- [ RunTime:0.001420s ]
INFO: [ app_begin ] --START--
INFO: Run Behavior\ReadHtmlCacheBehavior [ RunTime:0.002252s ]
INFO: [ app_begin ] --END-- [ RunTime:0.003002s ]
INFO: [ view_parse ] --START--
INFO: [ template_filter ] --START--
INFO: Run Behavior\ContentReplaceBehavior [ RunTime:0.000369s ]
INFO: [ template_filter ] --END-- [ RunTime:0.000945s ]
NOTIC: [8] Undefined variable: typeData E:\wamp64\www\thinkp\Application\Runtime\Cache\Admin\646acd57b5e7e94ad1ccabb155f0809c.php Á¨¨ 38 Ë°å.
INFO: Run Behavior\ParseTemplateBehavior [ RunTime:0.031662s ]
INFO: [ view_parse ] --END-- [ RunTime:0.032170s ]
INFO: [ view_filter ] --START--
INFO: Run Behavior\WriteHtmlCacheBehavior [ RunTime:0.001513s ]
INFO: [ view_filter ] --END-- [ RunTime:0.001986s ]
INFO: [ app_end ] --START--
INFO: Run Behavior\ShowPageTraceBehavior [ RunTime:0.002172s ]
INFO: [ app_end ] --END-- [ RunTime:0.002669s ]

[ 2016-09-15T22:59:00+08:00 ] 127.0.0.1 /thinkp/index.php/Admin/Index/index.html
INFO: [ app_init ] --START--
INFO: Run Behavior\BuildLiteBehavior [ RunTime:0.000102s ]
INFO: [ app_init ] --END-- [ RunTime:0.001449s ]
INFO: [ app_begin ] --START--
INFO: Run Behavior\ReadHtmlCacheBehavior [ RunTime:0.001523s ]
INFO: [ app_begin ] --END-- [ RunTime:0.002034s ]
INFO: [ view_parse ] --START--
INFO: [ template_filter ] --START--
INFO: Run Behavior\ContentReplaceBehavior [ RunTime:0.000397s ]
INFO: [ template_filter ] --END-- [ RunTime:0.000827s ]
INFO: Run Behavior\ParseTemplateBehavior [ RunTime:0.040523s ]
INFO: [ view_parse ] --END-- [ RunTime:0.041126s ]
INFO: [ view_filter ] --START--
INFO: Run Behavior\WriteHtmlCacheBehavior [ RunTime:0.002919s ]
INFO: [ view_filter ] --END-- [ RunTime:0.003851s ]
INFO: [ app_end ] --START--
INFO: Run Behavior\ShowPageTraceBehavior [ RunTime:0.003981s ]
INFO: [ app_end ] --END-- [ RunTime:0.004689s ]

[ 2016-09-15T22:59:04+08:00 ] 127.0.0.1 /thinkp/index.php/Admin/Category/index.html
INFO: [ app_init ] --START--
INFO: Run Behavior\BuildLiteBehavior [ RunTime:0.000110s ]
INFO: [ app_init ] --END-- [ RunTime:0.001746s ]
INFO: [ app_begin ] --START--
INFO: Run Behavior\ReadHtmlCacheBehavior [ RunTime:0.002665s ]
INFO: [ app_begin ] --END-- [ RunTime:0.003186s ]
SQL: SHOW COLUMNS FROM `mlshop_category` [ RunTime:0.0491s ]
SQL: SELECT COUNT(*) AS tp_count FROM `mlshop_category` LIMIT 1   [ RunTime:0.3760s ]
SQL: SELECT * FROM `mlshop_category` ORDER BY cid LIMIT 0,8   [ RunTime:0.0600s ]
INFO: [ view_parse ] --START--
INFO: [ template_filter ] --START--
INFO: Run Behavior\ContentReplaceBehavior [ RunTime:0.000236s ]
INFO: [ template_filter ] --END-- [ RunTime:0.000689s ]
INFO: Run Behavior\ParseTemplateBehavior [ RunTime:0.031663s ]
INFO: [ view_parse ] --END-- [ RunTime:0.032229s ]
INFO: [ view_filter ] --START--
INFO: Run Behavior\WriteHtmlCacheBehavior [ RunTime:0.001867s ]
INFO: [ view_filter ] --END-- [ RunTime:0.002467s ]
INFO: [ app_end ] --START--
INFO: Run Behavior\ShowPageTraceBehavior [ RunTime:0.001802s ]
INFO: [ app_end ] --END-- [ RunTime:0.002256s ]

[ 2016-09-15T22:59:05+08:00 ] 127.0.0.1 /thinkp/index.php/Admin/Category/index.html
INFO: [ app_init ] --START--
INFO: Run Behavior\BuildLiteBehavior [ RunTime:0.000106s ]
INFO: [ app_init ] --END-- [ RunTime:0.001524s ]
INFO: [ app_begin ] --START--
INFO: Run Behavior\ReadHtmlCacheBehavior [ RunTime:0.001739s ]
INFO: [ app_begin ] --END-- [ RunTime:0.002255s ]
SQL: SHOW COLUMNS FROM `mlshop_category` [ RunTime:0.4056s ]
SQL: SELECT COUNT(*) AS tp_count FROM `mlshop_category` LIMIT 1   [ RunTime:0.0479s ]
SQL: SELECT * FROM `mlshop_category` ORDER BY cid LIMIT 0,8   [ RunTime:0.0555s ]
INFO: [ view_parse ] --START--
INFO: [ template_filter ] --START--
INFO: Run Behavior\ContentReplaceBehavior [ RunTime:0.000315s ]
INFO: [ template_filter ] --END-- [ RunTime:0.000874s ]
INFO: Run Behavior\ParseTemplateBehavior [ RunTime:0.033693s ]
INFO: [ view_parse ] --END-- [ RunTime:0.034228s ]
INFO: [ view_filter ] --START--
INFO: Run Behavior\WriteHtmlCacheBehavior [ RunTime:0.001401s ]
INFO: [ view_filter ] --END-- [ RunTime:0.001886s ]
INFO: [ app_end ] --START--
INFO: Run Behavior\ShowPageTraceBehavior [ RunTime:0.001803s ]
INFO: [ app_end ] --END-- [ RunTime:0.002329s ]

[ 2016-09-15T22:59:06+08:00 ] 127.0.0.1 /thinkp/index.php/Admin/Category/addSon/cid/57.html
INFO: [ app_init ] --START--
INFO: Run Behavior\BuildLiteBehavior [ RunTime:0.000119s ]
INFO: [ app_init ] --END-- [ RunTime:0.002280s ]
INFO: [ app_begin ] --START--
INFO: Run Behavior\ReadHtmlCacheBehavior [ RunTime:0.002472s ]
INFO: [ app_begin ] --END-- [ RunTime:0.003229s ]
SQL: SHOW COLUMNS FROM `mlshop_category` [ RunTime:0.0692s ]
SQL: SELECT `cname` FROM `mlshop_category` WHERE `cid` = 57  [ RunTime:0.0476s ]
INFO: [ view_parse ] --START--
INFO: [ template_filter ] --START--
INFO: Run Behavior\ContentReplaceBehavior [ RunTime:0.000261s ]
INFO: [ template_filter ] --END-- [ RunTime:0.000740s ]
NOTIC: [8] Undefined variable: typeData E:\wamp64\www\thinkp\Application\Runtime\Cache\Admin\646acd57b5e7e94ad1ccabb155f0809c.php Á¨¨ 38 Ë°å.
INFO: Run Behavior\ParseTemplateBehavior [ RunTime:0.025620s ]
INFO: [ view_parse ] --END-- [ RunTime:0.026096s ]
INFO: [ view_filter ] --START--
INFO: Run Behavior\WriteHtmlCacheBehavior [ RunTime:0.001312s ]
INFO: [ view_filter ] --END-- [ RunTime:0.001762s ]
INFO: [ app_end ] --START--
INFO: Run Behavior\ShowPageTraceBehavior [ RunTime:0.001482s ]
INFO: [ app_end ] --END-- [ RunTime:0.001926s ]

[ 2016-09-15T22:59:15+08:00 ] 127.0.0.1 /thinkp/index.php/Admin/Category/addSon/cid/55.html
INFO: [ app_init ] --START--
INFO: Run Behavior\BuildLiteBehavior [ RunTime:0.000105s ]
INFO: [ app_init ] --END-- [ RunTime:0.001645s ]
INFO: [ app_begin ] --START--
INFO: Run Behavior\ReadHtmlCacheBehavior [ RunTime:0.001772s ]
INFO: [ app_begin ] --END-- [ RunTime:0.002284s ]
SQL: SHOW COLUMNS FROM `mlshop_category` [ RunTime:0.0498s ]
SQL: SELECT `cname` FROM `mlshop_category` WHERE `cid` = 55  [ RunTime:0.0529s ]
INFO: [ view_parse ] --START--
INFO: [ template_filter ] --START--
INFO: Run Behavior\ContentReplaceBehavior [ RunTime:0.000338s ]
INFO: [ template_filter ] --END-- [ RunTime:0.000892s ]
NOTIC: [8] Undefined variable: typeData E:\wamp64\www\thinkp\Application\Runtime\Cache\Admin\646acd57b5e7e94ad1ccabb155f0809c.php Á¨¨ 38 Ë°å.
INFO: Run Behavior\ParseTemplateBehavior [ RunTime:0.027513s ]
INFO: [ view_parse ] --END-- [ RunTime:0.028020s ]
INFO: [ view_filter ] --START--
INFO: Run Behavior\WriteHtmlCacheBehavior [ RunTime:0.001457s ]
INFO: [ view_filter ] --END-- [ RunTime:0.002001s ]
INFO: [ app_end ] --START--
INFO: Run Behavior\ShowPageTraceBehavior [ RunTime:0.001968s ]
INFO: [ app_end ] --END-- [ RunTime:0.002835s ]

[ 2016-09-15T22:59:22+08:00 ] 127.0.0.1 /thinkp/index.php/Admin/Index/index.html
INFO: [ app_init ] --START--
INFO: Run Behavior\BuildLiteBehavior [ RunTime:0.000104s ]
INFO: [ app_init ] --END-- [ RunTime:0.002119s ]
INFO: [ app_begin ] --START--
INFO: Run Behavior\ReadHtmlCacheBehavior [ RunTime:0.001860s ]
INFO: [ app_begin ] --END-- [ RunTime:0.002397s ]
INFO: [ view_parse ] --START--
INFO: [ template_filter ] --START--
INFO: Run Behavior\ContentReplaceBehavior [ RunTime:0.000575s ]
INFO: [ template_filter ] --END-- [ RunTime:0.001270s ]
INFO: Run Behavior\ParseTemplateBehavior [ RunTime:0.038821s ]
INFO: [ view_parse ] --END-- [ RunTime:0.039313s ]
INFO: [ view_filter ] --START--
INFO: Run Behavior\WriteHtmlCacheBehavior [ RunTime:0.001507s ]
INFO: [ view_filter ] --END-- [ RunTime:0.001938s ]
INFO: [ app_end ] --START--
INFO: Run Behavior\ShowPageTraceBehavior [ RunTime:0.005035s ]
INFO: [ app_end ] --END-- [ RunTime:0.005584s ]

[ 2016-09-15T22:59:25+08:00 ] 127.0.0.1 /thinkp/index.php/Admin/Category/index.html
INFO: [ app_init ] --START--
INFO: Run Behavior\BuildLiteBehavior [ RunTime:0.000087s ]
INFO: [ app_init ] --END-- [ RunTime:0.001376s ]
INFO: [ app_begin ] --START--
INFO: Run Behavior\ReadHtmlCacheBehavior [ RunTime:0.001883s ]
INFO: [ app_begin ] --END-- [ RunTime:0.002403s ]
SQL: SHOW COLUMNS FROM `mlshop_category` [ RunTime:0.0499s ]
SQL: SELECT COUNT(*) AS tp_count FROM `mlshop_category` LIMIT 1   [ RunTime:0.0484s ]
SQL: SELECT * FROM `mlshop_category` ORDER BY cid LIMIT 0,8   [ RunTime:0.0558s ]
INFO: [ view_parse ] --START--
INFO: [ template_filter ] --START--
INFO: Run Behavior\ContentReplaceBehavior [ RunTime:0.000283s ]
INFO: [ template_filter ] --END-- [ RunTime:0.000806s ]
INFO: Run Behavior\ParseTemplateBehavior [ RunTime:0.035003s ]
INFO: [ view_parse ] --END-- [ RunTime:0.035543s ]
INFO: [ view_filter ] --START--
INFO: Run Behavior\WriteHtmlCacheBehavior [ RunTime:0.001354s ]
INFO: [ view_filter ] --END-- [ RunTime:0.001832s ]
INFO: [ app_end ] --START--
INFO: Run Behavior\ShowPageTraceBehavior [ RunTime:0.001536s ]
INFO: [ app_end ] --END-- [ RunTime:0.002014s ]

[ 2016-09-15T22:59:26+08:00 ] 127.0.0.1 /thinkp/index.php/Admin/Category/addSon/cid/56.html
INFO: [ app_init ] --START--
INFO: Run Behavior\BuildLiteBehavior [ RunTime:0.000114s ]
INFO: [ app_init ] --END-- [ RunTime:0.001811s ]
INFO: [ app_begin ] --START--
INFO: Run Behavior\ReadHtmlCacheBehavior [ RunTime:0.002735s ]
INFO: [ app_begin ] --END-- [ RunTime:0.003439s ]
SQL: SHOW COLUMNS FROM `mlshop_category` [ RunTime:0.0435s ]
INFO: [ view_parse ] --START--
INFO: [ template_filter ] --START--
INFO: Run Behavior\ContentReplaceBehavior [ RunTime:0.000294s ]
INFO: [ template_filter ] --END-- [ RunTime:0.000821s ]
NOTIC: [8] Undefined variable: typeData E:\wamp64\www\thinkp\Application\Runtime\Cache\Admin\646acd57b5e7e94ad1ccabb155f0809c.php Á¨¨ 38 Ë°å.
INFO: Run Behavior\ParseTemplateBehavior [ RunTime:0.029392s ]
INFO: [ view_parse ] --END-- [ RunTime:0.029907s ]
INFO: [ view_filter ] --START--
INFO: Run Behavior\WriteHtmlCacheBehavior [ RunTime:0.002267s ]
INFO: [ view_filter ] --END-- [ RunTime:0.002740s ]
NOTIC: [2] Cannot modify header information - headers already sent by (output started at E:\wamp64\www\thinkp\Application\Common\Common\function.php:5) E:\wamp64\www\thinkp\ThinkPHP\Library\Think\View.class.php Á¨¨ 91 Ë°å.
NOTIC: [2] Cannot modify header information - headers already sent by (output started at E:\wamp64\www\thinkp\Application\Common\Common\function.php:5) E:\wamp64\www\thinkp\ThinkPHP\Library\Think\View.class.php Á¨¨ 92 Ë°å.
NOTIC: [2] Cannot modify header information - headers already sent by (output started at E:\wamp64\www\thinkp\Application\Common\Common\function.php:5) E:\wamp64\www\thinkp\ThinkPHP\Library\Think\View.class.php Á¨¨ 93 Ë°å.
INFO: [ app_end ] --START--
INFO: Run Behavior\ShowPageTraceBehavior [ RunTime:0.001764s ]
INFO: [ app_end ] --END-- [ RunTime:0.002198s ]

[ 2016-09-15T23:00:18+08:00 ] 127.0.0.1 /thinkp/index.php/Admin/Index/index.html
INFO: [ app_init ] --START--
INFO: Run Behavior\BuildLiteBehavior [ RunTime:0.000107s ]
INFO: [ app_init ] --END-- [ RunTime:0.002235s ]
INFO: [ app_begin ] --START--
INFO: Run Behavior\ReadHtmlCacheBehavior [ RunTime:0.002520s ]
INFO: [ app_begin ] --END-- [ RunTime:0.003576s ]
INFO: [ view_parse ] --START--
INFO: [ template_filter ] --START--
INFO: Run Behavior\ContentReplaceBehavior [ RunTime:0.001149s ]
INFO: [ template_filter ] --END-- [ RunTime:0.002090s ]
INFO: Run Behavior\ParseTemplateBehavior [ RunTime:0.042104s ]
INFO: [ view_parse ] --END-- [ RunTime:0.042812s ]
INFO: [ view_filter ] --START--
INFO: Run Behavior\WriteHtmlCacheBehavior [ RunTime:0.001621s ]
INFO: [ view_filter ] --END-- [ RunTime:0.002175s ]
INFO: [ app_end ] --START--
INFO: Run Behavior\ShowPageTraceBehavior [ RunTime:0.004197s ]
INFO: [ app_end ] --END-- [ RunTime:0.004800s ]

[ 2016-09-15T23:00:22+08:00 ] 127.0.0.1 /thinkp/index.php/Admin/Category/index.html
INFO: [ app_init ] --START--
INFO: Run Behavior\BuildLiteBehavior [ RunTime:0.000119s ]
INFO: [ app_init ] --END-- [ RunTime:0.002118s ]
INFO: [ app_begin ] --START--
INFO: Run Behavior\ReadHtmlCacheBehavior [ RunTime:0.002505s ]
INFO: [ app_begin ] --END-- [ RunTime:0.003111s ]
SQL: SHOW COLUMNS FROM `mlshop_category` [ RunTime:0.0456s ]
SQL: SELECT COUNT(*) AS tp_count FROM `mlshop_category` LIMIT 1   [ RunTime:0.0452s ]
SQL: SELECT * FROM `mlshop_category` ORDER BY cid LIMIT 0,8   [ RunTime:0.0444s ]
INFO: [ view_parse ] --START--
INFO: [ template_filter ] --START--
INFO: Run Behavior\ContentReplaceBehavior [ RunTime:0.000373s ]
INFO: [ template_filter ] --END-- [ RunTime:0.001044s ]
INFO: Run Behavior\ParseTemplateBehavior [ RunTime:0.036293s ]
INFO: [ view_parse ] --END-- [ RunTime:0.036931s ]
INFO: [ view_filter ] --START--
INFO: Run Behavior\WriteHtmlCacheBehavior [ RunTime:0.001792s ]
INFO: [ view_filter ] --END-- [ RunTime:0.002442s ]
INFO: [ app_end ] --START--
INFO: Run Behavior\ShowPageTraceBehavior [ RunTime:0.002590s ]
INFO: [ app_end ] --END-- [ RunTime:0.003077s ]

[ 2016-09-15T23:00:30+08:00 ] 127.0.0.1 /thinkp/index.php/Admin/Category/addSon/cid/57.html
INFO: [ app_init ] --START--
INFO: Run Behavior\BuildLiteBehavior [ RunTime:0.000113s ]
INFO: [ app_init ] --END-- [ RunTime:0.002079s ]
INFO: [ app_begin ] --START--
INFO: Run Behavior\ReadHtmlCacheBehavior [ RunTime:0.002327s ]
INFO: [ app_begin ] --END-- [ RunTime:0.002926s ]
SQL: SHOW COLUMNS FROM `mlshop_category` [ RunTime:0.0691s ]
SQL: SELECT * FROM `mlshop_category` WHERE `cid` = 0 LIMIT 1   [ RunTime:0.0626s ]
INFO: [ view_parse ] --START--
INFO: [ template_filter ] --START--
INFO: Run Behavior\ContentReplaceBehavior [ RunTime:0.000322s ]
INFO: [ template_filter ] --END-- [ RunTime:0.000922s ]
NOTIC: [8] Undefined variable: typeData E:\wamp64\www\thinkp\Application\Runtime\Cache\Admin\646acd57b5e7e94ad1ccabb155f0809c.php Á¨¨ 38 Ë°å.
INFO: Run Behavior\ParseTemplateBehavior [ RunTime:0.034063s ]
INFO: [ view_parse ] --END-- [ RunTime:0.034629s ]
INFO: [ view_filter ] --START--
INFO: Run Behavior\WriteHtmlCacheBehavior [ RunTime:0.001508s ]
INFO: [ view_filter ] --END-- [ RunTime:0.001996s ]
INFO: [ app_end ] --START--
INFO: Run Behavior\ShowPageTraceBehavior [ RunTime:0.002550s ]
INFO: [ app_end ] --END-- [ RunTime:0.003070s ]

[ 2016-09-15T23:00:39+08:00 ] 127.0.0.1 /thinkp/index.php/Admin/Category/addSon/cid/57.html
INFO: [ app_init ] --START--
INFO: Run Behavior\BuildLiteBehavior [ RunTime:0.000122s ]
INFO: [ app_init ] --END-- [ RunTime:0.002065s ]
INFO: [ app_begin ] --START--
INFO: Run Behavior\ReadHtmlCacheBehavior [ RunTime:0.002420s ]
INFO: [ app_begin ] --END-- [ RunTime:0.003017s ]
SQL: SHOW COLUMNS FROM `mlshop_category` [ RunTime:0.0464s ]
SQL: SELECT * FROM `mlshop_category` WHERE `cid` = 0 LIMIT 1   [ RunTime:0.0512s ]
INFO: [ view_parse ] --START--
INFO: [ template_filter ] --START--
INFO: Run Behavior\ContentReplaceBehavior [ RunTime:0.000289s ]
INFO: [ template_filter ] --END-- [ RunTime:0.000777s ]
NOTIC: [8] Undefined variable: typeData E:\wamp64\www\thinkp\Application\Runtime\Cache\Admin\646acd57b5e7e94ad1ccabb155f0809c.php Á¨¨ 38 Ë°å.
INFO: Run Behavior\ParseTemplateBehavior [ RunTime:0.024242s ]
INFO: [ view_parse ] --END-- [ RunTime:0.024727s ]
INFO: [ view_filter ] --START--
INFO: Run Behavior\WriteHtmlCacheBehavior [ RunTime:0.001690s ]
INFO: [ view_filter ] --END-- [ RunTime:0.002170s ]
INFO: [ app_end ] --START--
INFO: Run Behavior\ShowPageTraceBehavior [ RunTime:0.002111s ]
INFO: [ app_end ] --END-- [ RunTime:0.002593s ]

[ 2016-09-15T23:05:19+08:00 ] 127.0.0.1 /thinkp/index.php/Admin/Index/index.html
INFO: [ app_init ] --START--
INFO: Run Behavior\BuildLiteBehavior [ RunTime:0.000117s ]
INFO: [ app_init ] --END-- [ RunTime:0.002056s ]
INFO: [ app_begin ] --START--
INFO: Run Behavior\ReadHtmlCacheBehavior [ RunTime:0.002487s ]
INFO: [ app_begin ] --END-- [ RunTime:0.003187s ]
INFO: [ view_parse ] --START--
INFO: [ template_filter ] --START--
INFO: Run Behavior\ContentReplaceBehavior [ RunTime:0.000467s ]
INFO: [ template_filter ] --END-- [ RunTime:0.000992s ]
INFO: Run Behavior\ParseTemplateBehavior [ RunTime:0.039233s ]
INFO: [ view_parse ] --END-- [ RunTime:0.039898s ]
INFO: [ view_filter ] --START--
INFO: Run Behavior\WriteHtmlCacheBehavior [ RunTime:0.001485s ]
INFO: [ view_filter ] --END-- [ RunTime:0.001942s ]
INFO: [ app_end ] --START--
INFO: Run Behavior\ShowPageTraceBehavior [ RunTime:0.002954s ]
INFO: [ app_end ] --END-- [ RunTime:0.003516s ]

[ 2016-09-15T23:05:21+08:00 ] 127.0.0.1 /thinkp/index.php/Admin/Type/index.html
INFO: [ app_init ] --START--
INFO: Run Behavior\BuildLiteBehavior [ RunTime:0.000086s ]
INFO: [ app_init ] --END-- [ RunTime:0.001388s ]
INFO: [ app_begin ] --START--
INFO: Run Behavior\ReadHtmlCacheBehavior [ RunTime:0.001699s ]
INFO: [ app_begin ] --END-- [ RunTime:0.002422s ]
SQL: SHOW COLUMNS FROM `mlshop_type` [ RunTime:0.0655s ]
SQL: SELECT COUNT(*) AS tp_count FROM `mlshop_type` LIMIT 1   [ RunTime:0.0670s ]
SQL: SELECT * FROM `mlshop_type` ORDER BY tid LIMIT 0,5   [ RunTime:0.0666s ]
INFO: [ view_parse ] --START--
INFO: [ template_filter ] --START--
INFO: Run Behavior\ContentReplaceBehavior [ RunTime:0.000262s ]
INFO: [ template_filter ] --END-- [ RunTime:0.000775s ]
INFO: Run Behavior\ParseTemplateBehavior [ RunTime:0.035420s ]
INFO: [ view_parse ] --END-- [ RunTime:0.036006s ]
INFO: [ view_filter ] --START--
INFO: Run Behavior\WriteHtmlCacheBehavior [ RunTime:0.001719s ]
INFO: [ view_filter ] --END-- [ RunTime:0.002308s ]
INFO: [ app_end ] --START--
INFO: Run Behavior\ShowPageTraceBehavior [ RunTime:0.004000s ]
INFO: [ app_end ] --END-- [ RunTime:0.004604s ]

[ 2016-09-15T23:05:25+08:00 ] 127.0.0.1 /thinkp/index.php/Admin/Category/index.html
INFO: [ app_init ] --START--
INFO: Run Behavior\BuildLiteBehavior [ RunTime:0.000112s ]
INFO: [ app_init ] --END-- [ RunTime:0.001695s ]
INFO: [ app_begin ] --START--
INFO: Run Behavior\ReadHtmlCacheBehavior [ RunTime:0.002098s ]
INFO: [ app_begin ] --END-- [ RunTime:0.002677s ]
SQL: SHOW COLUMNS FROM `mlshop_category` [ RunTime:0.0505s ]
SQL: SELECT COUNT(*) AS tp_count FROM `mlshop_category` LIMIT 1   [ RunTime:0.0426s ]
SQL: SELECT * FROM `mlshop_category` ORDER BY cid LIMIT 0,8   [ RunTime:0.0576s ]
INFO: [ view_parse ] --START--
INFO: [ template_filter ] --START--
INFO: Run Behavior\ContentReplaceBehavior [ RunTime:0.000324s ]
INFO: [ template_filter ] --END-- [ RunTime:0.000949s ]
INFO: Run Behavior\ParseTemplateBehavior [ RunTime:0.037502s ]
INFO: [ view_parse ] --END-- [ RunTime:0.038249s ]
INFO: [ view_filter ] --START--
INFO: Run Behavior\WriteHtmlCacheBehavior [ RunTime:0.001578s ]
INFO: [ view_filter ] --END-- [ RunTime:0.002190s ]
INFO: [ app_end ] --START--
INFO: Run Behavior\ShowPageTraceBehavior [ RunTime:0.002141s ]
INFO: [ app_end ] --END-- [ RunTime:0.002728s ]

[ 2016-09-15T23:05:27+08:00 ] 127.0.0.1 /thinkp/index.php/Admin/Category/addSon/cid/57.html
INFO: [ app_init ] --START--
INFO: Run Behavior\BuildLiteBehavior [ RunTime:0.000361s ]
INFO: [ app_init ] --END-- [ RunTime:0.003925s ]
INFO: [ app_begin ] --START--
INFO: Run Behavior\ReadHtmlCacheBehavior [ RunTime:0.002443s ]
INFO: [ app_begin ] --END-- [ RunTime:0.003086s ]
SQL: SHOW COLUMNS FROM `mlshop_category` [ RunTime:0.0700s ]
SQL: SELECT * FROM `mlshop_category` WHERE `cid` = 57 LIMIT 1   [ RunTime:0.0644s ]
INFO: [ view_parse ] --START--
INFO: [ template_filter ] --START--
INFO: Run Behavior\ContentReplaceBehavior [ RunTime:0.000246s ]
INFO: [ template_filter ] --END-- [ RunTime:0.000683s ]
NOTIC: [8] Undefined variable: typeData E:\wamp64\www\thinkp\Application\Runtime\Cache\Admin\646acd57b5e7e94ad1ccabb155f0809c.php Á¨¨ 38 Ë°å.
INFO: Run Behavior\ParseTemplateBehavior [ RunTime:0.024335s ]
INFO: [ view_parse ] --END-- [ RunTime:0.024825s ]
INFO: [ view_filter ] --START--
INFO: Run Behavior\WriteHtmlCacheBehavior [ RunTime:0.000981s ]
INFO: [ view_filter ] --END-- [ RunTime:0.001382s ]
INFO: [ app_end ] --START--
INFO: Run Behavior\ShowPageTraceBehavior [ RunTime:0.001390s ]
INFO: [ app_end ] --END-- [ RunTime:0.001802s ]

[ 2016-09-15T23:05:59+08:00 ] 127.0.0.1 /thinkp/index.php/Admin/Index/index.html
INFO: [ app_init ] --START--
INFO: Run Behavior\BuildLiteBehavior [ RunTime:0.000134s ]
INFO: [ app_init ] --END-- [ RunTime:0.003252s ]
INFO: [ app_begin ] --START--
INFO: Run Behavior\ReadHtmlCacheBehavior [ RunTime:0.002502s ]
INFO: [ app_begin ] --END-- [ RunTime:0.003092s ]
INFO: [ view_parse ] --START--
INFO: [ template_filter ] --START--
INFO: Run Behavior\ContentReplaceBehavior [ RunTime:0.000402s ]
INFO: [ template_filter ] --END-- [ RunTime:0.000880s ]
INFO: Run Behavior\ParseTemplateBehavior [ RunTime:0.039466s ]
INFO: [ view_parse ] --END-- [ RunTime:0.039943s ]
INFO: [ view_filter ] --START--
INFO: Run Behavior\WriteHtmlCacheBehavior [ RunTime:0.001308s ]
INFO: [ view_filter ] --END-- [ RunTime:0.001760s ]
INFO: [ app_end ] --START--
INFO: Run Behavior\ShowPageTraceBehavior [ RunTime:0.007397s ]
INFO: [ app_end ] --END-- [ RunTime:0.012019s ]

[ 2016-09-15T23:06:01+08:00 ] 127.0.0.1 /thinkp/index.php/Admin/Category/index.html
INFO: [ app_init ] --START--
INFO: Run Behavior\BuildLiteBehavior [ RunTime:0.000102s ]
INFO: [ app_init ] --END-- [ RunTime:0.001742s ]
INFO: [ app_begin ] --START--
INFO: Run Behavior\ReadHtmlCacheBehavior [ RunTime:0.001918s ]
INFO: [ app_begin ] --END-- [ RunTime:0.002396s ]
SQL: SHOW COLUMNS FROM `mlshop_category` [ RunTime:0.0415s ]
SQL: SELECT COUNT(*) AS tp_count FROM `mlshop_category` LIMIT 1   [ RunTime:0.0499s ]
SQL: SELECT * FROM `mlshop_category` ORDER BY cid LIMIT 0,8   [ RunTime:0.0438s ]
INFO: [ view_parse ] --START--
INFO: [ template_filter ] --START--
INFO: Run Behavior\ContentReplaceBehavior [ RunTime:0.000320s ]
INFO: [ template_filter ] --END-- [ RunTime:0.001430s ]
INFO: Run Behavior\ParseTemplateBehavior [ RunTime:0.034380s ]
INFO: [ view_parse ] --END-- [ RunTime:0.034923s ]
INFO: [ view_filter ] --START--
INFO: Run Behavior\WriteHtmlCacheBehavior [ RunTime:0.001587s ]
INFO: [ view_filter ] --END-- [ RunTime:0.002050s ]
INFO: [ app_end ] --START--
INFO: Run Behavior\ShowPageTraceBehavior [ RunTime:0.005371s ]
INFO: [ app_end ] --END-- [ RunTime:0.006071s ]

[ 2016-09-15T23:06:02+08:00 ] 127.0.0.1 /thinkp/index.php/Admin/Category/addSon/cid/57.html
INFO: [ app_init ] --START--
INFO: Run Behavior\BuildLiteBehavior [ RunTime:0.000163s ]
INFO: [ app_init ] --END-- [ RunTime:0.002478s ]
INFO: [ app_begin ] --START--
INFO: Run Behavior\ReadHtmlCacheBehavior [ RunTime:0.007141s ]
INFO: [ app_begin ] --END-- [ RunTime:0.007915s ]
SQL: SHOW COLUMNS FROM `mlshop_category` [ RunTime:0.0505s ]
SQL: SELECT `cname` FROM `mlshop_category` WHERE `cid` = 57 LIMIT 1   [ RunTime:0.0602s ]
INFO: [ view_parse ] --START--
INFO: [ template_filter ] --START--
INFO: Run Behavior\ContentReplaceBehavior [ RunTime:0.000313s ]
INFO: [ template_filter ] --END-- [ RunTime:0.000903s ]
NOTIC: [8] Undefined variable: typeData E:\wamp64\www\thinkp\Application\Runtime\Cache\Admin\646acd57b5e7e94ad1ccabb155f0809c.php Á¨¨ 38 Ë°å.
INFO: Run Behavior\ParseTemplateBehavior [ RunTime:0.028162s ]
INFO: [ view_parse ] --END-- [ RunTime:0.028677s ]
INFO: [ view_filter ] --START--
INFO: Run Behavior\WriteHtmlCacheBehavior [ RunTime:0.001346s ]
INFO: [ view_filter ] --END-- [ RunTime:0.001784s ]
INFO: [ app_end ] --START--
INFO: Run Behavior\ShowPageTraceBehavior [ RunTime:0.001712s ]
INFO: [ app_end ] --END-- [ RunTime:0.002166s ]

[ 2016-09-15T23:06:10+08:00 ] 127.0.0.1 /thinkp/index.php/Admin/Category/addSon/cid/58.html
INFO: [ app_init ] --START--
INFO: Run Behavior\BuildLiteBehavior [ RunTime:0.000161s ]
INFO: [ app_init ] --END-- [ RunTime:0.003498s ]
INFO: [ app_begin ] --START--
INFO: Run Behavior\ReadHtmlCacheBehavior [ RunTime:0.002620s ]
INFO: [ app_begin ] --END-- [ RunTime:0.003440s ]
SQL: SHOW COLUMNS FROM `mlshop_category` [ RunTime:0.0509s ]
SQL: SELECT `cname` FROM `mlshop_category` WHERE `cid` = 58 LIMIT 1   [ RunTime:0.0469s ]
INFO: [ view_parse ] --START--
INFO: [ template_filter ] --START--
INFO: Run Behavior\ContentReplaceBehavior [ RunTime:0.000316s ]
INFO: [ template_filter ] --END-- [ RunTime:0.000898s ]
NOTIC: [8] Undefined variable: typeData E:\wamp64\www\thinkp\Application\Runtime\Cache\Admin\646acd57b5e7e94ad1ccabb155f0809c.php Á¨¨ 38 Ë°å.
INFO: Run Behavior\ParseTemplateBehavior [ RunTime:0.029934s ]
INFO: [ view_parse ] --END-- [ RunTime:0.030481s ]
INFO: [ view_filter ] --START--
INFO: Run Behavior\WriteHtmlCacheBehavior [ RunTime:0.001607s ]
INFO: [ view_filter ] --END-- [ RunTime:0.002108s ]
INFO: [ app_end ] --START--
INFO: Run Behavior\ShowPageTraceBehavior [ RunTime:0.002711s ]
INFO: [ app_end ] --END-- [ RunTime:0.003212s ]

[ 2016-09-15T23:10:43+08:00 ] 127.0.0.1 /thinkp/index.php/Admin/Category/addSon/cid/57.html
INFO: [ app_init ] --START--
INFO: Run Behavior\BuildLiteBehavior [ RunTime:0.000101s ]
INFO: [ app_init ] --END-- [ RunTime:0.001665s ]
INFO: [ app_begin ] --START--
INFO: Run Behavior\ReadHtmlCacheBehavior [ RunTime:0.002587s ]
INFO: [ app_begin ] --END-- [ RunTime:0.003249s ]
SQL: SHOW COLUMNS FROM `mlshop_category` [ RunTime:0.0436s ]
SQL: SELECT * FROM `mlshop_category` WHERE `cid` = 57 LIMIT 1   [ RunTime:0.0438s ]
INFO: [ view_parse ] --START--
INFO: [ template_filter ] --START--
INFO: Run Behavior\ContentReplaceBehavior [ RunTime:0.000306s ]
INFO: [ template_filter ] --END-- [ RunTime:0.000837s ]
NOTIC: [8] Undefined variable: cid E:\wamp64\www\thinkp\Application\Runtime\Cache\Admin\646acd57b5e7e94ad1ccabb155f0809c.php Á¨¨ 31 Ë°å.
NOTIC: [8] Undefined variable: cname E:\wamp64\www\thinkp\Application\Runtime\Cache\Admin\646acd57b5e7e94ad1ccabb155f0809c.php Á¨¨ 31 Ë°å.
NOTIC: [8] Undefined variable: typeData E:\wamp64\www\thinkp\Application\Runtime\Cache\Admin\646acd57b5e7e94ad1ccabb155f0809c.php Á¨¨ 38 Ë°å.
INFO: Run Behavior\ParseTemplateBehavior [ RunTime:0.025509s ]
INFO: [ view_parse ] --END-- [ RunTime:0.026036s ]
INFO: [ view_filter ] --START--
INFO: Run Behavior\WriteHtmlCacheBehavior [ RunTime:0.001588s ]
INFO: [ view_filter ] --END-- [ RunTime:0.002146s ]
INFO: [ app_end ] --START--
INFO: Run Behavior\ShowPageTraceBehavior [ RunTime:0.002687s ]
INFO: [ app_end ] --END-- [ RunTime:0.003302s ]

[ 2016-09-15T23:18:16+08:00 ] 127.0.0.1 /thinkp/index.php/Admin/Index/index.html
INFO: [ app_init ] --START--
INFO: Run Behavior\BuildLiteBehavior [ RunTime:0.000114s ]
INFO: [ app_init ] --END-- [ RunTime:0.001572s ]
INFO: [ app_begin ] --START--
INFO: Run Behavior\ReadHtmlCacheBehavior [ RunTime:0.002652s ]
INFO: [ app_begin ] --END-- [ RunTime:0.003289s ]
INFO: [ view_parse ] --START--
INFO: [ template_filter ] --START--
INFO: Run Behavior\ContentReplaceBehavior [ RunTime:0.001781s ]
INFO: [ template_filter ] --END-- [ RunTime:0.002566s ]
INFO: Run Behavior\ParseTemplateBehavior [ RunTime:0.043104s ]
INFO: [ view_parse ] --END-- [ RunTime:0.043633s ]
INFO: [ view_filter ] --START--
INFO: Run Behavior\WriteHtmlCacheBehavior [ RunTime:0.001655s ]
INFO: [ view_filter ] --END-- [ RunTime:0.002108s ]
INFO: [ app_end ] --START--
INFO: Run Behavior\ShowPageTraceBehavior [ RunTime:0.002961s ]
INFO: [ app_end ] --END-- [ RunTime:0.003510s ]

[ 2016-09-15T23:19:46+08:00 ] 127.0.0.1 /thinkp/index.php/Admin/Category/index.html
INFO: [ app_init ] --START--
INFO: Run Behavior\BuildLiteBehavior [ RunTime:0.000093s ]
INFO: [ app_init ] --END-- [ RunTime:0.001394s ]
INFO: [ app_begin ] --START--
INFO: Run Behavior\ReadHtmlCacheBehavior [ RunTime:0.001719s ]
INFO: [ app_begin ] --END-- [ RunTime:0.002209s ]
ERR: SQLSTATE[HY000] [2002] ”…”⁄¡¨Ω”∑Ω‘⁄“ª∂Œ ±º‰∫Û√ª”–’˝»∑¥∏¥ªÚ¡¨Ω”µƒ÷˜ª˙√ª”–∑¥”¶£¨¡¨Ω”≥¢ ‘ ß∞‹°£


