[ 2016-09-16T00:04:40+08:00 ] 127.0.0.1 /thinkp/Public/Admin/Flat/docs/assets/css/demo.css
INFO: [ app_init ] --START--
INFO: Run Behavior\BuildLiteBehavior [ RunTime:0.000119s ]
INFO: [ app_init ] --END-- [ RunTime:0.002038s ]
ERR: 无法加载模块:Public

[ 2016-09-16T00:05:01+08:00 ] 127.0.0.1 /thinkp/Public/Admin/Flat/docs/assets/css/demo.css
INFO: [ app_init ] --START--
INFO: Run Behavior\BuildLiteBehavior [ RunTime:0.000094s ]
INFO: [ app_init ] --END-- [ RunTime:0.001635s ]
ERR: 无法加载模块:Public

[ 2016-09-16T00:06:41+08:00 ] 127.0.0.1 /thinkp/Public/Admin/Flat/docs/assets/css/demo.css
INFO: [ app_init ] --START--
INFO: Run Behavior\BuildLiteBehavior [ RunTime:0.000148s ]
INFO: [ app_init ] --END-- [ RunTime:0.002491s ]
ERR: 无法加载模块:Public

[ 2016-09-16T00:07:33+08:00 ] 127.0.0.1 /thinkp/Public/Admin/Flat/docs/assets/css/demo.css
INFO: [ app_init ] --START--
INFO: Run Behavior\BuildLiteBehavior [ RunTime:0.000102s ]
INFO: [ app_init ] --END-- [ RunTime:0.002263s ]
ERR: 无法加载模块:Public

[ 2016-09-16T00:07:41+08:00 ] 127.0.0.1 /thinkp/Public/Admin/Flat/docs/assets/css/demo.css
INFO: [ app_init ] --START--
INFO: Run Behavior\BuildLiteBehavior [ RunTime:0.000115s ]
INFO: [ app_init ] --END-- [ RunTime:0.002000s ]
ERR: 无法加载模块:Public

[ 2016-09-16T00:33:43+08:00 ] 127.0.0.1 /thinkp/Public/Admin/Flat/docs/assets/css/demo.css
INFO: [ app_init ] --START--
INFO: Run Behavior\BuildLiteBehavior [ RunTime:0.000180s ]
INFO: [ app_init ] --END-- [ RunTime:0.002199s ]
ERR: 无法加载模块:Public

[ 2016-09-16T00:33:54+08:00 ] 127.0.0.1 /thinkp/Public/Admin/Flat/docs/assets/css/demo.css
INFO: [ app_init ] --START--
INFO: Run Behavior\BuildLiteBehavior [ RunTime:0.000123s ]
INFO: [ app_init ] --END-- [ RunTime:0.001817s ]
ERR: 无法加载模块:Public

[ 2016-09-16T00:34:16+08:00 ] 127.0.0.1 /thinkp/Public/Admin/Flat/docs/assets/css/demo.css
INFO: [ app_init ] --START--
INFO: Run Behavior\BuildLiteBehavior [ RunTime:0.000122s ]
INFO: [ app_init ] --END-- [ RunTime:0.002559s ]
ERR: 无法加载模块:Public

[ 2016-09-16T00:34:56+08:00 ] 127.0.0.1 /thinkp/Public/Admin/Flat/docs/assets/css/demo.css
INFO: [ app_init ] --START--
INFO: Run Behavior\BuildLiteBehavior [ RunTime:0.000121s ]
INFO: [ app_init ] --END-- [ RunTime:0.002106s ]
ERR: 无法加载模块:Public

[ 2016-09-16T00:36:17+08:00 ] 127.0.0.1 /thinkp/Public/Admin/Flat/docs/assets/css/demo.css
INFO: [ app_init ] --START--
INFO: Run Behavior\BuildLiteBehavior [ RunTime:0.000121s ]
INFO: [ app_init ] --END-- [ RunTime:0.002542s ]
ERR: 无法加载模块:Public

[ 2016-09-16T00:36:33+08:00 ] 127.0.0.1 /thinkp/Public/Admin/Flat/docs/assets/css/demo.css
INFO: [ app_init ] --START--
INFO: Run Behavior\BuildLiteBehavior [ RunTime:0.000122s ]
INFO: [ app_init ] --END-- [ RunTime:0.004616s ]
ERR: 无法加载模块:Public

[ 2016-09-16T00:40:09+08:00 ] 127.0.0.1 /thinkp/Public/Admin/Flat/docs/assets/css/demo.css
INFO: [ app_init ] --START--
INFO: Run Behavior\BuildLiteBehavior [ RunTime:0.000100s ]
INFO: [ app_init ] --END-- [ RunTime:0.001762s ]
ERR: 无法加载模块:Public

[ 2016-09-16T00:44:12+08:00 ] 127.0.0.1 /thinkp/Public/Admin/Flat/docs/assets/css/demo.css
INFO: [ app_init ] --START--
INFO: Run Behavior\BuildLiteBehavior [ RunTime:0.000110s ]
INFO: [ app_init ] --END-- [ RunTime:0.001953s ]
ERR: 无法加载模块:Public

[ 2016-09-16T00:44:18+08:00 ] 127.0.0.1 /thinkp/Public/Admin/Flat/docs/assets/css/demo.css
INFO: [ app_init ] --START--
INFO: Run Behavior\BuildLiteBehavior [ RunTime:0.000117s ]
INFO: [ app_init ] --END-- [ RunTime:0.001982s ]
ERR: 无法加载模块:Public

[ 2016-09-16T00:44:25+08:00 ] 127.0.0.1 /thinkp/Public/Admin/Flat/docs/assets/css/demo.css
INFO: [ app_init ] --START--
INFO: Run Behavior\BuildLiteBehavior [ RunTime:0.000115s ]
INFO: [ app_init ] --END-- [ RunTime:0.003237s ]
ERR: 无法加载模块:Public

[ 2016-09-16T00:44:29+08:00 ] 127.0.0.1 /thinkp/Public/Admin/Flat/docs/assets/css/demo.css
INFO: [ app_init ] --START--
INFO: Run Behavior\BuildLiteBehavior [ RunTime:0.000116s ]
INFO: [ app_init ] --END-- [ RunTime:0.001947s ]
ERR: 无法加载模块:Public

[ 2016-09-16T00:46:13+08:00 ] 127.0.0.1 /thinkp/Public/Admin/Flat/docs/assets/css/demo.css
INFO: [ app_init ] --START--
INFO: Run Behavior\BuildLiteBehavior [ RunTime:0.000176s ]
INFO: [ app_init ] --END-- [ RunTime:0.002565s ]
ERR: 无法加载模块:Public

[ 2016-09-16T00:47:00+08:00 ] 127.0.0.1 /thinkp/Public/Admin/Flat/docs/assets/css/demo.css
INFO: [ app_init ] --START--
INFO: Run Behavior\BuildLiteBehavior [ RunTime:0.000110s ]
INFO: [ app_init ] --END-- [ RunTime:0.002677s ]
ERR: 无法加载模块:Public

[ 2016-09-16T00:49:12+08:00 ] 127.0.0.1 /thinkp/Public/Admin/Flat/docs/assets/css/demo.css
INFO: [ app_init ] --START--
INFO: Run Behavior\BuildLiteBehavior [ RunTime:0.000105s ]
INFO: [ app_init ] --END-- [ RunTime:0.001834s ]
ERR: 无法加载模块:Public

[ 2016-09-16T00:51:17+08:00 ] 127.0.0.1 /thinkp/Public/Admin/Flat/docs/assets/css/demo.css
INFO: [ app_init ] --START--
INFO: Run Behavior\BuildLiteBehavior [ RunTime:0.000107s ]
INFO: [ app_init ] --END-- [ RunTime:0.001828s ]
ERR: 无法加载模块:Public

[ 2016-09-16T00:56:19+08:00 ] 127.0.0.1 /thinkp/Public/Admin/Flat/docs/assets/css/demo.css
INFO: [ app_init ] --START--
INFO: Run Behavior\BuildLiteBehavior [ RunTime:0.000173s ]
INFO: [ app_init ] --END-- [ RunTime:0.001827s ]
ERR: 无法加载模块:Public

[ 2016-09-16T00:57:42+08:00 ] 127.0.0.1 /thinkp/Public/Admin/Flat/docs/assets/css/demo.css
INFO: [ app_init ] --START--
INFO: Run Behavior\BuildLiteBehavior [ RunTime:0.000102s ]
INFO: [ app_init ] --END-- [ RunTime:0.002187s ]
ERR: 无法加载模块:Public

[ 2016-09-16T00:59:33+08:00 ] 127.0.0.1 /thinkp/Public/Admin/Flat/docs/assets/css/demo.css
INFO: [ app_init ] --START--
INFO: Run Behavior\BuildLiteBehavior [ RunTime:0.000121s ]
INFO: [ app_init ] --END-- [ RunTime:0.004241s ]
ERR: 无法加载模块:Public

[ 2016-09-16T01:01:26+08:00 ] 127.0.0.1 /thinkp/Public/Admin/Flat/docs/assets/css/demo.css
INFO: [ app_init ] --START--
INFO: Run Behavior\BuildLiteBehavior [ RunTime:0.000105s ]
INFO: [ app_init ] --END-- [ RunTime:0.001769s ]
ERR: 无法加载模块:Public

[ 2016-09-16T01:02:08+08:00 ] 127.0.0.1 /thinkp/Public/Admin/Flat/docs/assets/css/demo.css
INFO: [ app_init ] --START--
INFO: Run Behavior\BuildLiteBehavior [ RunTime:0.000105s ]
INFO: [ app_init ] --END-- [ RunTime:0.001843s ]
ERR: 无法加载模块:Public

[ 2016-09-16T01:02:32+08:00 ] 127.0.0.1 /thinkp/Public/Admin/Flat/docs/assets/css/demo.css
INFO: [ app_init ] --START--
INFO: Run Behavior\BuildLiteBehavior [ RunTime:0.000131s ]
INFO: [ app_init ] --END-- [ RunTime:0.003039s ]
ERR: 无法加载模块:Public

[ 2016-09-16T01:03:23+08:00 ] 127.0.0.1 /thinkp/Public/Admin/Flat/docs/assets/css/demo.css
INFO: [ app_init ] --START--
INFO: Run Behavior\BuildLiteBehavior [ RunTime:0.000330s ]
INFO: [ app_init ] --END-- [ RunTime:0.002619s ]
ERR: 无法加载模块:Public

[ 2016-09-16T01:04:45+08:00 ] 127.0.0.1 /thinkp/Public/Admin/Flat/docs/assets/css/demo.css
INFO: [ app_init ] --START--
INFO: Run Behavior\BuildLiteBehavior [ RunTime:0.000125s ]
INFO: [ app_init ] --END-- [ RunTime:0.002267s ]
ERR: 无法加载模块:Public

[ 2016-09-16T01:04:49+08:00 ] 127.0.0.1 /thinkp/Public/Admin/Flat/docs/assets/css/demo.css
INFO: [ app_init ] --START--
INFO: Run Behavior\BuildLiteBehavior [ RunTime:0.000120s ]
INFO: [ app_init ] --END-- [ RunTime:0.002141s ]
ERR: 无法加载模块:Public

[ 2016-09-16T01:04:53+08:00 ] 127.0.0.1 /thinkp/Public/Admin/Flat/docs/assets/css/demo.css
INFO: [ app_init ] --START--
INFO: Run Behavior\BuildLiteBehavior [ RunTime:0.000103s ]
INFO: [ app_init ] --END-- [ RunTime:0.002610s ]
ERR: 无法加载模块:Public

[ 2016-09-16T10:02:19+08:00 ] 127.0.0.1 /thinkp/Public/Admin/Flat/docs/assets/css/demo.css
INFO: [ app_init ] --START--
INFO: Run Behavior\BuildLiteBehavior [ RunTime:0.000115s ]
INFO: [ app_init ] --END-- [ RunTime:0.001852s ]
ERR: 无法加载模块:Public

[ 2016-09-16T20:23:38+08:00 ] 127.0.0.1 /thinkp/Public/Admin/Flat/docs/assets/css/demo.css
INFO: [ app_init ] --START--
INFO: Run Behavior\BuildLiteBehavior [ RunTime:0.000091s ]
INFO: [ app_init ] --END-- [ RunTime:0.001447s ]
ERR: 无法加载模块:Public

[ 2016-09-16T20:23:58+08:00 ] 127.0.0.1 /thinkp/Public/Admin/Flat/docs/assets/css/demo.css
INFO: [ app_init ] --START--
INFO: Run Behavior\BuildLiteBehavior [ RunTime:0.000102s ]
INFO: [ app_init ] --END-- [ RunTime:0.001745s ]
ERR: 无法加载模块:Public

[ 2016-09-16T20:24:18+08:00 ] 127.0.0.1 /thinkp/Public/Admin/Flat/docs/assets/css/demo.css
INFO: [ app_init ] --START--
INFO: Run Behavior\BuildLiteBehavior [ RunTime:0.000128s ]
INFO: [ app_init ] --END-- [ RunTime:0.002055s ]
ERR: 无法加载模块:Public

[ 2016-09-16T20:29:37+08:00 ] 127.0.0.1 /thinkp/Public/Admin/Flat/docs/assets/css/demo.css
INFO: [ app_init ] --START--
INFO: Run Behavior\BuildLiteBehavior [ RunTime:0.000096s ]
INFO: [ app_init ] --END-- [ RunTime:0.001595s ]
ERR: 无法加载模块:Public

[ 2016-09-16T20:29:48+08:00 ] 127.0.0.1 /thinkp/Public/Admin/Flat/docs/assets/css/demo.css
INFO: [ app_init ] --START--
INFO: Run Behavior\BuildLiteBehavior [ RunTime:0.000116s ]
INFO: [ app_init ] --END-- [ RunTime:0.003701s ]
ERR: 无法加载模块:Public

[ 2016-09-16T20:30:53+08:00 ] 127.0.0.1 /thinkp/Public/Admin/Flat/docs/assets/css/demo.css
INFO: [ app_init ] --START--
INFO: Run Behavior\BuildLiteBehavior [ RunTime:0.000098s ]
INFO: [ app_init ] --END-- [ RunTime:0.001704s ]
ERR: 无法加载模块:Public

[ 2016-09-16T20:30:58+08:00 ] 127.0.0.1 /thinkp/Public/Admin/Flat/docs/assets/css/demo.css
INFO: [ app_init ] --START--
INFO: Run Behavior\BuildLiteBehavior [ RunTime:0.000093s ]
INFO: [ app_init ] --END-- [ RunTime:0.001566s ]
ERR: 无法加载模块:Public

[ 2016-09-16T20:31:03+08:00 ] 127.0.0.1 /thinkp/Public/Admin/Flat/docs/assets/css/demo.css
INFO: [ app_init ] --START--
INFO: Run Behavior\BuildLiteBehavior [ RunTime:0.000093s ]
INFO: [ app_init ] --END-- [ RunTime:0.001663s ]
ERR: 无法加载模块:Public

[ 2016-09-16T20:31:07+08:00 ] 127.0.0.1 /thinkp/Public/Admin/Flat/docs/assets/css/demo.css
INFO: [ app_init ] --START--
INFO: Run Behavior\BuildLiteBehavior [ RunTime:0.000099s ]
INFO: [ app_init ] --END-- [ RunTime:0.002070s ]
ERR: 无法加载模块:Public

