[ 2016-09-02T10:05:45+08:00 ] 192.168.10.1 /thinkp/Public/Admin/login.html
INFO: [ app_init ] --START--
INFO: Run Behavior\BuildLiteBehavior [ RunTime:0.000000s ]
INFO: [ app_init ] --END-- [ RunTime:0.000000s ]
ERR: 无法加载模块:Public

[ 2016-09-02T10:09:53+08:00 ] 192.168.10.1 /thinkp/Public/Admin/login.html
INFO: [ app_init ] --START--
INFO: Run Behavior\BuildLiteBehavior [ RunTime:0.000000s ]
INFO: [ app_init ] --END-- [ RunTime:0.000000s ]
ERR: 无法加载模块:Public

[ 2016-09-02T10:09:57+08:00 ] 192.168.10.1 /thinkp/Public/Admin/login.html
INFO: [ app_init ] --START--
INFO: Run Behavior\BuildLiteBehavior [ RunTime:0.000000s ]
INFO: [ app_init ] --END-- [ RunTime:0.000000s ]
ERR: 无法加载模块:Public

[ 2016-09-02T10:11:02+08:00 ] 192.168.10.1 /thinkp/Public/Admin/login.html
INFO: [ app_init ] --START--
INFO: Run Behavior\BuildLiteBehavior [ RunTime:0.000000s ]
INFO: [ app_init ] --END-- [ RunTime:0.000000s ]
ERR: 无法加载模块:Public

[ 2016-09-02T11:03:47+08:00 ] 192.168.10.1 /thinkp/PublicFlat/dist/css/vendor/bootstrap.min.css
INFO: [ app_init ] --START--
INFO: Run Behavior\BuildLiteBehavior [ RunTime:0.000000s ]
INFO: [ app_init ] --END-- [ RunTime:0.000000s ]
ERR: 无法加载模块:PublicFlat

[ 2016-09-02T11:03:47+08:00 ] 192.168.10.1 /thinkp/PublicFlat/dist/css/flat-ui.css
INFO: [ app_init ] --START--
INFO: Run Behavior\BuildLiteBehavior [ RunTime:0.000000s ]
INFO: [ app_init ] --END-- [ RunTime:0.000000s ]
ERR: 无法加载模块:PublicFlat

[ 2016-09-02T11:05:23+08:00 ] 192.168.10.1 /thinkp/PublicFlat/dist/css/vendor/bootstrap.min.css
INFO: [ app_init ] --START--
INFO: Run Behavior\BuildLiteBehavior [ RunTime:0.000000s ]
INFO: [ app_init ] --END-- [ RunTime:0.000000s ]
ERR: 无法加载模块:PublicFlat

[ 2016-09-02T11:05:23+08:00 ] 192.168.10.1 /thinkp/PublicFlat/dist/css/flat-ui.css
INFO: [ app_init ] --START--
INFO: Run Behavior\BuildLiteBehavior [ RunTime:0.000000s ]
INFO: [ app_init ] --END-- [ RunTime:0.000000s ]
ERR: 无法加载模块:PublicFlat

[ 2016-09-02T11:06:28+08:00 ] 192.168.10.1 /thinkp/PublicFlat/dist/css/vendor/bootstrap.min.css
INFO: [ app_init ] --START--
INFO: Run Behavior\BuildLiteBehavior [ RunTime:0.000000s ]
INFO: [ app_init ] --END-- [ RunTime:0.000000s ]
ERR: 无法加载模块:PublicFlat

[ 2016-09-02T11:06:28+08:00 ] 192.168.10.1 /thinkp/PublicFlat/dist/css/flat-ui.css
INFO: [ app_init ] --START--
INFO: Run Behavior\BuildLiteBehavior [ RunTime:0.000000s ]
INFO: [ app_init ] --END-- [ RunTime:0.015600s ]
ERR: 无法加载模块:PublicFlat

[ 2016-09-02T11:09:47+08:00 ] 192.168.10.1 /thinkp/PublicFlat/dist/css/flat-ui.css
INFO: [ app_init ] --START--
INFO: Run Behavior\BuildLiteBehavior [ RunTime:0.000000s ]
INFO: [ app_init ] --END-- [ RunTime:0.000000s ]
ERR: 无法加载模块:PublicFlat

[ 2016-09-02T11:09:47+08:00 ] 192.168.10.1 /thinkp/PublicFlat/dist/css/vendor/bootstrap.min.css
INFO: [ app_init ] --START--
INFO: Run Behavior\BuildLiteBehavior [ RunTime:0.000000s ]
INFO: [ app_init ] --END-- [ RunTime:0.000000s ]
ERR: 无法加载模块:PublicFlat

[ 2016-09-02T11:10:17+08:00 ] 192.168.10.1 /thinkp/PublicFlat/dist/css/vendor/bootstrap.min.css
INFO: [ app_init ] --START--
INFO: Run Behavior\BuildLiteBehavior [ RunTime:0.000000s ]
INFO: [ app_init ] --END-- [ RunTime:0.000000s ]
ERR: 无法加载模块:PublicFlat

[ 2016-09-02T11:10:17+08:00 ] 192.168.10.1 /thinkp/PublicFlat/dist/css/flat-ui.css
INFO: [ app_init ] --START--
INFO: Run Behavior\BuildLiteBehavior [ RunTime:0.000000s ]
INFO: [ app_init ] --END-- [ RunTime:0.000000s ]
ERR: 无法加载模块:PublicFlat

[ 2016-09-02T11:10:29+08:00 ] 192.168.10.1 /thinkp/PublicFlat/dist/css/vendor/bootstrap.min.css
INFO: [ app_init ] --START--
INFO: Run Behavior\BuildLiteBehavior [ RunTime:0.000000s ]
INFO: [ app_init ] --END-- [ RunTime:0.000000s ]
ERR: 无法加载模块:PublicFlat

[ 2016-09-02T11:10:29+08:00 ] 192.168.10.1 /thinkp/PublicFlat/dist/css/flat-ui.css
INFO: [ app_init ] --START--
INFO: Run Behavior\BuildLiteBehavior [ RunTime:0.000000s ]
INFO: [ app_init ] --END-- [ RunTime:0.000000s ]
ERR: 无法加载模块:PublicFlat

[ 2016-09-02T11:10:36+08:00 ] 192.168.10.1 /thinkp/PublicFlat/dist/css/flat-ui.css
INFO: [ app_init ] --START--
INFO: Run Behavior\BuildLiteBehavior [ RunTime:0.000000s ]
INFO: [ app_init ] --END-- [ RunTime:0.000000s ]
ERR: 无法加载模块:PublicFlat

[ 2016-09-02T11:10:36+08:00 ] 192.168.10.1 /thinkp/PublicFlat/dist/css/vendor/bootstrap.min.css
INFO: [ app_init ] --START--
INFO: Run Behavior\BuildLiteBehavior [ RunTime:0.000000s ]
INFO: [ app_init ] --END-- [ RunTime:0.000000s ]
ERR: 无法加载模块:PublicFlat

[ 2016-09-02T11:10:43+08:00 ] 192.168.10.1 /thinkp/PublicFlat/dist/css/vendor/bootstrap.min.css
INFO: [ app_init ] --START--
INFO: Run Behavior\BuildLiteBehavior [ RunTime:0.000000s ]
INFO: [ app_init ] --END-- [ RunTime:0.000000s ]
ERR: 无法加载模块:PublicFlat

[ 2016-09-02T11:10:43+08:00 ] 192.168.10.1 /thinkp/PublicFlat/dist/css/flat-ui.css
INFO: [ app_init ] --START--
INFO: Run Behavior\BuildLiteBehavior [ RunTime:0.000000s ]
INFO: [ app_init ] --END-- [ RunTime:0.000000s ]
ERR: 无法加载模块:PublicFlat

[ 2016-09-02T11:10:59+08:00 ] 192.168.10.1 /thinkp/PublicFlat/dist/css/vendor/bootstrap.min.css
INFO: [ app_init ] --START--
INFO: Run Behavior\BuildLiteBehavior [ RunTime:0.000000s ]
INFO: [ app_init ] --END-- [ RunTime:0.000000s ]
ERR: 无法加载模块:PublicFlat

[ 2016-09-02T11:10:59+08:00 ] 192.168.10.1 /thinkp/PublicFlat/dist/css/flat-ui.css
INFO: [ app_init ] --START--
INFO: Run Behavior\BuildLiteBehavior [ RunTime:0.000000s ]
INFO: [ app_init ] --END-- [ RunTime:0.000000s ]
ERR: 无法加载模块:PublicFlat

[ 2016-09-02T11:11:02+08:00 ] 192.168.10.1 /thinkp/PublicFlat/dist/css/flat-ui.css
INFO: [ app_init ] --START--
INFO: Run Behavior\BuildLiteBehavior [ RunTime:0.015601s ]
INFO: [ app_init ] --END-- [ RunTime:0.015601s ]
ERR: 无法加载模块:PublicFlat

[ 2016-09-02T11:11:02+08:00 ] 192.168.10.1 /thinkp/PublicFlat/dist/css/vendor/bootstrap.min.css
INFO: [ app_init ] --START--
INFO: Run Behavior\BuildLiteBehavior [ RunTime:0.000000s ]
INFO: [ app_init ] --END-- [ RunTime:0.000000s ]
ERR: 无法加载模块:PublicFlat

[ 2016-09-02T11:11:02+08:00 ] 192.168.10.1 /thinkp/PublicFlat/img/favicon.ico
INFO: [ app_init ] --START--
INFO: Run Behavior\BuildLiteBehavior [ RunTime:0.000000s ]
INFO: [ app_init ] --END-- [ RunTime:0.000000s ]
ERR: 无法加载模块:PublicFlat

[ 2016-09-02T11:11:32+08:00 ] 192.168.10.1 /thinkp/Public/Flat/dist/css/vendor/bootstrap.min.css
INFO: [ app_init ] --START--
INFO: Run Behavior\BuildLiteBehavior [ RunTime:0.000000s ]
INFO: [ app_init ] --END-- [ RunTime:0.000000s ]
ERR: 无法加载模块:Public

[ 2016-09-02T11:11:33+08:00 ] 192.168.10.1 /thinkp/Public/Flat/dist/css/flat-ui.css
INFO: [ app_init ] --START--
INFO: Run Behavior\BuildLiteBehavior [ RunTime:0.000000s ]
INFO: [ app_init ] --END-- [ RunTime:0.001000s ]
ERR: 无法加载模块:Public

[ 2016-09-02T11:11:33+08:00 ] 192.168.10.1 /thinkp/Public/Flat/img/favicon.ico
INFO: [ app_init ] --START--
INFO: Run Behavior\BuildLiteBehavior [ RunTime:0.000000s ]
INFO: [ app_init ] --END-- [ RunTime:0.000000s ]
ERR: 无法加载模块:Public

[ 2016-09-02T11:11:34+08:00 ] 192.168.10.1 /thinkp/Public/Flat/dist/css/vendor/bootstrap.min.css
INFO: [ app_init ] --START--
INFO: Run Behavior\BuildLiteBehavior [ RunTime:0.000000s ]
INFO: [ app_init ] --END-- [ RunTime:0.000000s ]
ERR: 无法加载模块:Public

[ 2016-09-02T11:11:34+08:00 ] 192.168.10.1 /thinkp/Public/Flat/dist/css/flat-ui.css
INFO: [ app_init ] --START--
INFO: Run Behavior\BuildLiteBehavior [ RunTime:0.000000s ]
INFO: [ app_init ] --END-- [ RunTime:0.000000s ]
ERR: 无法加载模块:Public

[ 2016-09-02T11:11:35+08:00 ] 192.168.10.1 /thinkp/Public/Flat/dist/css/vendor/bootstrap.min.css
INFO: [ app_init ] --START--
INFO: Run Behavior\BuildLiteBehavior [ RunTime:0.000000s ]
INFO: [ app_init ] --END-- [ RunTime:0.015600s ]
ERR: 无法加载模块:Public

[ 2016-09-02T11:11:35+08:00 ] 192.168.10.1 /thinkp/Public/Flat/dist/css/flat-ui.css
INFO: [ app_init ] --START--
INFO: Run Behavior\BuildLiteBehavior [ RunTime:0.000000s ]
INFO: [ app_init ] --END-- [ RunTime:0.000000s ]
ERR: 无法加载模块:Public

[ 2016-09-02T11:24:54+08:00 ] 192.168.10.1 /thinkp/PublicFlat/dist/css/vendor/bootstrap.min.css
INFO: [ app_init ] --START--
INFO: Run Behavior\BuildLiteBehavior [ RunTime:0.000000s ]
INFO: [ app_init ] --END-- [ RunTime:0.000000s ]
ERR: 无法加载模块:PublicFlat

[ 2016-09-02T11:24:54+08:00 ] 192.168.10.1 /thinkp/PublicFlat/dist/css/flat-ui.css
INFO: [ app_init ] --START--
INFO: Run Behavior\BuildLiteBehavior [ RunTime:0.000000s ]
INFO: [ app_init ] --END-- [ RunTime:0.000000s ]
ERR: 无法加载模块:PublicFlat

[ 2016-09-02T11:24:58+08:00 ] 192.168.10.1 /thinkp/Public/Admin/Flat/docs/assets/css/demo.css
INFO: [ app_init ] --START--
INFO: Run Behavior\BuildLiteBehavior [ RunTime:0.000000s ]
INFO: [ app_init ] --END-- [ RunTime:0.000000s ]
ERR: 无法加载模块:Public

[ 2016-09-02T11:25:59+08:00 ] 192.168.10.1 /thinkp/Public/Admin/Flat/docs/assets/css/demo.css
INFO: [ app_init ] --START--
INFO: Run Behavior\BuildLiteBehavior [ RunTime:0.000000s ]
INFO: [ app_init ] --END-- [ RunTime:0.000000s ]
ERR: 无法加载模块:Public

[ 2016-09-02T11:31:30+08:00 ] 192.168.10.1 /thinkp/Public/Admin/Flat/docs/assets/css/demo.css
INFO: [ app_init ] --START--
INFO: Run Behavior\BuildLiteBehavior [ RunTime:0.000000s ]
INFO: [ app_init ] --END-- [ RunTime:0.000000s ]
ERR: 无法加载模块:Public

[ 2016-09-02T11:46:26+08:00 ] 192.168.10.1 /thinkp/Public/Admin/Flat/docs/assets/css/demo.css
INFO: [ app_init ] --START--
INFO: Run Behavior\BuildLiteBehavior [ RunTime:0.000000s ]
INFO: [ app_init ] --END-- [ RunTime:0.000000s ]
ERR: 无法加载模块:Public

[ 2016-09-02T11:47:03+08:00 ] 192.168.10.1 /thinkp/Public/Admin/Flat/docs/assets/css/demo.css
INFO: [ app_init ] --START--
INFO: Run Behavior\BuildLiteBehavior [ RunTime:0.000000s ]
INFO: [ app_init ] --END-- [ RunTime:0.000000s ]
ERR: 无法加载模块:Public

[ 2016-09-02T11:48:26+08:00 ] 192.168.10.1 /thinkp/Public/Admin/Flat/docs/assets/css/demo.css
INFO: [ app_init ] --START--
INFO: Run Behavior\BuildLiteBehavior [ RunTime:0.000000s ]
INFO: [ app_init ] --END-- [ RunTime:0.000000s ]
ERR: 无法加载模块:Public

[ 2016-09-02T11:49:18+08:00 ] 192.168.10.1 /thinkp/Public/Admin/Flat/docs/assets/css/demo.css
INFO: [ app_init ] --START--
INFO: Run Behavior\BuildLiteBehavior [ RunTime:0.000000s ]
INFO: [ app_init ] --END-- [ RunTime:0.015600s ]
ERR: 无法加载模块:Public

[ 2016-09-02T14:52:35+08:00 ] 192.168.10.1 /thinkp/Public/Admin/Flat/docs/assets/css/demo.css
INFO: [ app_init ] --START--
INFO: Run Behavior\BuildLiteBehavior [ RunTime:0.000000s ]
INFO: [ app_init ] --END-- [ RunTime:0.000000s ]
ERR: 无法加载模块:Public

